Wed Aug 09 10:57:32 IST 2017 domain:hotel user:John task:bookHotel TYPE:GroovyAction@13a27556
Wed Aug 09 11:02:09 IST 2017 domain:hotel user:John task:bookHotel TYPE:GroovyAction@205aed33
Wed Aug 09 11:28:51 IST 2017 domain:hotel user:John task:bookHotel TYPE:GroovyAction@164f41b2
Wed Aug 09 11:49:19 IST 2017 domain:hotel user:John task:bookHotel TYPE:GroovyAction@668f2429
Wed Aug 09 11:50:05 IST 2017 domain:hotel user:John task:cancelTask TYPE:GroovyAction@441d2ad
Thu Aug 17 15:43:44 IST 2017 domain:hotel user:John task:bookHotel TYPE:GroovyAction@683c5ab5
Thu Aug 17 15:44:22 IST 2017 domain:hotel user:John task:cancelTask TYPE:GroovyAction@33e57487
Sat Aug 19 14:26:33 IST 2017 domain:hotel user:John task:cancelTask TYPE:GroovyAction@7d156ab2
Sat Aug 19 14:30:06 IST 2017 domain:hotel user:John task:getWikipediaCityInfo TYPE:HTTPAction@63c5307f
Sat Aug 19 14:30:33 IST 2017 domain:hotel user:John task:getWikipediaCityInfo TYPE:HTTPAction@63c5307f
Sat Aug 19 14:30:42 IST 2017 domain:hotel user:John task:getWikipediaCityInfo TYPE:HTTPAction@63c5307f
Sat Aug 19 14:30:50 IST 2017 domain:hotel user:John task:getWeatherInformation TYPE:HTTPAction@2ef931b5
Sat Aug 19 15:03:15 IST 2017 domain:faq user:John task:cancelTask TYPE:GroovyAction@4b3d26ed
Sat Aug 19 16:30:22 IST 2017 domain:faq user:John task:getFAQ TYPE:GroovyAction@42d2f4cd
Sat Aug 19 16:32:13 IST 2017 domain:faq user:John task:getFAQ TYPE:GroovyAction@33201fbf
Sat Aug 19 16:35:54 IST 2017 domain:faq user:John task:getFAQ TYPE:GroovyAction@33201fbf
Sat Aug 19 16:36:22 IST 2017 domain:faq user:John task:cancelTask TYPE:GroovyAction@75ea3742
Sat Aug 19 16:37:54 IST 2017 domain:faq user:John task:getFAQ TYPE:GroovyAction@33201fbf
Sat Aug 19 16:38:33 IST 2017 domain:faq user:John task:cancelTask TYPE:GroovyAction@75ea3742
Sat Aug 19 16:41:44 IST 2017 domain:faq user:John task:getFAQ TYPE:GroovyAction@33201fbf
Sat Aug 19 17:59:46 IST 2017 domain:faq user:John task:getFAQ TYPE:GroovyAction@7341bcf3
Sat Aug 19 18:03:27 IST 2017 domain:faq user:John task:getFAQ TYPE:GroovyAction@6a1ba0f0
Sat Aug 19 18:04:57 IST 2017 domain:faq user:John task:getFAQ TYPE:GroovyAction@7a1d72dc
Sat Aug 19 18:05:22 IST 2017 domain:faq user:John task:getFAQ TYPE:GroovyAction@51526d2a
Sat Aug 19 18:06:23 IST 2017 domain:faq user:John task:getFAQ TYPE:GroovyAction@1e9de30c
Mon Aug 21 15:06:28 IST 2017 domain:faq user:John task:getFAQ TYPE:GroovyAction@31fed1fd
Mon Aug 21 15:07:08 IST 2017 domain:faq user:John task:getFAQ TYPE:GroovyAction@31fed1fd
Mon Aug 21 15:07:38 IST 2017 domain:faq user:John task:getFAQ TYPE:GroovyAction@6ce60a57
Mon Aug 21 15:09:20 IST 2017 domain:faq user:John task:getFAQ TYPE:GroovyAction@20a98b2b
Mon Aug 21 15:09:51 IST 2017 domain:faq user:John task:getFAQ TYPE:GroovyAction@20a98b2b
Mon Aug 21 15:10:41 IST 2017 domain:faq user:John task:getFAQ TYPE:GroovyAction@78ce0aef
Mon Aug 21 15:11:24 IST 2017 domain:faq user:John task:getFAQ TYPE:GroovyAction@24a76f96
Mon Aug 21 15:13:08 IST 2017 domain:faq user:John task:getFAQ TYPE:GroovyAction@7caf80ed
Mon Aug 21 15:14:27 IST 2017 domain:faq user:John task:getFAQ TYPE:GroovyAction@25993384
Mon Aug 21 15:16:26 IST 2017 domain:faq user:John task:getFAQ TYPE:GroovyAction@55be7cb2
Mon Aug 21 15:16:36 IST 2017 domain:faq user:John task:getFAQ TYPE:GroovyAction@55be7cb2
Mon Aug 21 15:17:11 IST 2017 domain:faq user:John task:getFAQ TYPE:GroovyAction@55be7cb2
Mon Aug 21 15:22:12 IST 2017 domain:faq user:John task:getFAQ TYPE:GroovyAction@4f9ed12f
Mon Aug 21 15:28:01 IST 2017 domain:faq user:John task:getFAQ TYPE:GroovyAction@43a16489
Mon Aug 21 15:28:59 IST 2017 domain:faq user:John task:getFAQ TYPE:GroovyAction@2e6f1c24
Mon Aug 21 15:35:29 IST 2017 domain:faq user:John task:getFAQ TYPE:GroovyAction@2e6f1c24
Mon Aug 21 15:52:01 IST 2017 domain:faq user:John task:getFAQ TYPE:GroovyAction@f9f04fd
Mon Aug 21 15:53:43 IST 2017 domain:faq user:John task:getFAQ TYPE:GroovyAction@6e68d0d6
Mon Aug 21 15:55:15 IST 2017 domain:faq user:John task:getFAQ TYPE:GroovyAction@6e68d0d6
Mon Aug 21 15:59:36 IST 2017 domain:faq user:John task:getFAQ TYPE:GroovyAction@e706176
Mon Aug 21 16:01:35 IST 2017 domain:faq user:John task:getFAQ TYPE:GroovyAction@60b35bfc
Mon Aug 21 16:04:37 IST 2017 domain:faq user:John task:getFAQ TYPE:GroovyAction@60b35bfc
Mon Aug 21 16:06:02 IST 2017 domain:faq user:John task:getFAQ TYPE:GroovyAction@60b35bfc
Mon Aug 21 16:10:58 IST 2017 domain:faq user:John task:getFAQ TYPE:GroovyAction@60b35bfc
Mon Aug 21 17:27:50 IST 2017 domain:faq user:John task:getFAQ TYPE:GroovyAction@55e206b2
Mon Aug 21 17:30:04 IST 2017 domain:faq user:John task:getFAQ TYPE:GroovyAction@55e206b2
Mon Aug 21 18:38:03 IST 2017 domain:faq user:John task:getFAQ TYPE:GroovyAction@55e206b2
Mon Aug 21 18:54:06 IST 2017 domain:faq user:John task:getFAQ TYPE:GroovyAction@1c34a248
Mon Aug 21 19:14:47 IST 2017 domain:faq user:John task:getFAQ TYPE:GroovyAction@7b85d84a
Mon Aug 21 19:19:19 IST 2017 domain:faq user:John task:getFAQ TYPE:GroovyAction@2d8dcde
Mon Aug 21 19:20:23 IST 2017 domain:faq user:John task:getFAQ TYPE:GroovyAction@2d8dcde
Mon Aug 21 19:22:33 IST 2017 domain:faq user:John task:getFAQ TYPE:GroovyAction@2aa01283
Mon Aug 21 19:23:00 IST 2017 domain:faq user:John task:getFAQ TYPE:GroovyAction@2aa01283
Mon Aug 21 19:25:17 IST 2017 domain:faq user:John task:getFAQ TYPE:GroovyAction@2c83cf8c
Mon Aug 21 19:26:52 IST 2017 domain:faq user:John task:getFAQ TYPE:GroovyAction@26bde3b6
Mon Aug 21 19:33:13 IST 2017 domain:faq user:John task:getFAQ TYPE:GroovyAction@a01f990
Mon Aug 21 19:40:30 IST 2017 domain:faq user:John task:getFAQ TYPE:GroovyAction@14e2326d
Mon Aug 21 19:43:01 IST 2017 domain:faq user:John task:getFAQ TYPE:GroovyAction@63db8ace
Mon Aug 21 19:44:27 IST 2017 domain:faq user:John task:getFAQ TYPE:GroovyAction@5e4bf555
Mon Aug 21 19:45:42 IST 2017 domain:faq user:John task:getFAQ TYPE:GroovyAction@7b86ccb5
Mon Aug 21 19:46:48 IST 2017 domain:faq user:John task:getFAQ TYPE:GroovyAction@1fa306fe
Mon Aug 21 19:47:47 IST 2017 domain:faq user:John task:getFAQ TYPE:GroovyAction@260afc3
Mon Aug 21 19:49:22 IST 2017 domain:faq user:John task:getFAQ TYPE:GroovyAction@260afc3
Mon Aug 21 19:50:30 IST 2017 domain:faq user:John task:getFAQ TYPE:GroovyAction@260afc3
Mon Aug 21 19:51:35 IST 2017 domain:faq user:John task:getFAQ TYPE:GroovyAction@260afc3
Mon Aug 21 19:51:44 IST 2017 domain:faq user:John task:getFAQ TYPE:GroovyAction@260afc3
Mon Aug 21 19:56:43 IST 2017 domain:faq user:John task:getFAQ TYPE:GroovyAction@7b816aa6
Mon Aug 21 19:57:18 IST 2017 domain:faq user:John task:getFAQ TYPE:GroovyAction@7b816aa6
Mon Aug 21 19:58:40 IST 2017 domain:faq user:John task:getFAQ TYPE:GroovyAction@3195dc62
Mon Aug 21 19:58:57 IST 2017 domain:faq user:John task:getFAQ TYPE:GroovyAction@3195dc62
Mon Aug 21 19:59:34 IST 2017 domain:faq user:John task:getFAQ TYPE:GroovyAction@3195dc62
Mon Aug 21 19:59:40 IST 2017 domain:faq user:John task:getFAQ TYPE:GroovyAction@3195dc62
Mon Aug 21 20:00:03 IST 2017 domain:faq user:John task:getFAQ TYPE:GroovyAction@3195dc62
Mon Aug 21 20:02:36 IST 2017 domain:faq user:John task:getFAQ TYPE:GroovyAction@7094bff0
Mon Aug 21 20:02:54 IST 2017 domain:faq user:John task:getFAQ TYPE:GroovyAction@7094bff0
Mon Aug 21 20:03:44 IST 2017 domain:faq user:John task:getFAQ TYPE:GroovyAction@7094bff0
Mon Aug 21 20:05:20 IST 2017 domain:faq user:John task:getFAQ TYPE:GroovyAction@3fffcfaf
Mon Aug 21 20:09:44 IST 2017 domain:faq user:John task:getFAQ TYPE:GroovyAction@3fffcfaf
Mon Aug 21 20:11:01 IST 2017 domain:faq user:John task:getFAQ TYPE:GroovyAction@5156e60d
Mon Aug 21 20:11:16 IST 2017 domain:faq user:John task:getFAQ TYPE:GroovyAction@5156e60d
Mon Aug 21 20:19:26 IST 2017 domain:faq user:John task:getFAQ TYPE:GroovyAction@17dbe802
Mon Aug 21 20:26:34 IST 2017 domain:faq user:John task:getFAQ TYPE:GroovyAction@31a2f01a
Mon Aug 21 20:26:45 IST 2017 domain:faq user:John task:getFAQ TYPE:GroovyAction@31a2f01a
Mon Aug 21 20:27:06 IST 2017 domain:faq user:John task:getFAQ TYPE:GroovyAction@31a2f01a
Mon Aug 21 20:27:18 IST 2017 domain:faq user:John task:getFAQ TYPE:GroovyAction@31a2f01a
Mon Aug 21 20:29:17 IST 2017 domain:faq user:John task:getFAQ TYPE:GroovyAction@74c0c8e3
Mon Aug 21 20:29:33 IST 2017 domain:faq user:John task:getFAQ TYPE:GroovyAction@74c0c8e3
Mon Aug 21 20:29:46 IST 2017 domain:faq user:John task:getFAQ TYPE:GroovyAction@74c0c8e3
Mon Aug 21 20:32:19 IST 2017 domain:faq user:John task:getFAQ TYPE:GroovyAction@1eaa3dc0
Mon Aug 21 20:32:27 IST 2017 domain:faq user:John task:getFAQ TYPE:GroovyAction@1eaa3dc0
Mon Aug 21 20:32:51 IST 2017 domain:faq user:John task:getFAQ TYPE:GroovyAction@1eaa3dc0
Mon Aug 21 20:33:43 IST 2017 domain:faq user:John task:getFAQ TYPE:GroovyAction@1eaa3dc0
Mon Aug 21 20:35:03 IST 2017 domain:faq user:John task:getFAQ TYPE:GroovyAction@b3f8f0e
Mon Aug 21 20:35:35 IST 2017 domain:faq user:John task:getFAQ TYPE:GroovyAction@b3f8f0e
Mon Aug 21 20:36:08 IST 2017 domain:faq user:John task:getFAQ TYPE:GroovyAction@b3f8f0e
Mon Aug 21 20:36:42 IST 2017 domain:faq user:John task:getFAQ TYPE:GroovyAction@b3f8f0e
Mon Aug 21 20:38:26 IST 2017 domain:faq user:John task:getFAQ TYPE:GroovyAction@358ad471
Mon Aug 21 20:38:34 IST 2017 domain:faq user:John task:getFAQ TYPE:GroovyAction@916d411
Mon Aug 21 20:39:45 IST 2017 domain:faq user:John task:getFAQ TYPE:GroovyAction@4b6d6f97
Mon Aug 21 20:40:01 IST 2017 domain:faq user:John task:getFAQ TYPE:GroovyAction@4b6d6f97
Mon Aug 21 20:41:07 IST 2017 domain:faq user:John task:getFAQ TYPE:GroovyAction@4b6d6f97
Mon Aug 21 20:41:39 IST 2017 domain:faq user:John task:getFAQ TYPE:GroovyAction@4b6d6f97
Mon Aug 21 20:45:00 IST 2017 domain:faq user:John task:getFAQ TYPE:GroovyAction@5b38670b
Mon Aug 21 20:45:12 IST 2017 domain:faq user:John task:getFAQ TYPE:GroovyAction@5b38670b
Mon Aug 21 20:47:49 IST 2017 domain:faq user:John task:getFAQ TYPE:GroovyAction@24ec2c59
Mon Aug 21 20:48:06 IST 2017 domain:faq user:John task:getFAQ TYPE:GroovyAction@24ec2c59
Mon Aug 21 20:48:33 IST 2017 domain:faq user:John task:getFAQ TYPE:GroovyAction@24ec2c59
Mon Aug 21 20:49:02 IST 2017 domain:faq user:John task:getFAQ TYPE:GroovyAction@24ec2c59
Mon Aug 21 20:52:30 IST 2017 domain:faq user:John task:getFAQ TYPE:GroovyAction@4086aaa1
Mon Aug 21 20:52:45 IST 2017 domain:faq user:John task:getFAQ TYPE:GroovyAction@4086aaa1
Mon Aug 21 20:53:11 IST 2017 domain:faq user:John task:getFAQ TYPE:GroovyAction@4086aaa1
Tue Aug 22 12:57:12 IST 2017 domain:faq user:John task:getFAQ TYPE:GroovyAction@1c7efa62
Tue Aug 22 13:24:00 IST 2017 domain:faq user:John task:getFAQ TYPE:GroovyAction@1c7efa62
Tue Aug 22 13:24:14 IST 2017 domain:faq user:John task:getFAQ TYPE:GroovyAction@1c7efa62
Tue Aug 22 13:24:36 IST 2017 domain:faq user:John task:getFAQ TYPE:GroovyAction@1c7efa62
Tue Aug 22 13:24:50 IST 2017 domain:faq user:John task:getFAQ TYPE:GroovyAction@1c7efa62
Tue Aug 22 13:25:26 IST 2017 domain:faq user:John task:getFAQ TYPE:GroovyAction@1c7efa62
Tue Aug 22 13:30:12 IST 2017 domain:faq user:John task:getFAQ TYPE:GroovyAction@1c7efa62
Tue Aug 22 13:33:57 IST 2017 domain:faq user:John task:getFAQ TYPE:GroovyAction@18b6b6b3
Tue Aug 22 13:34:10 IST 2017 domain:faq user:John task:getFAQ TYPE:GroovyAction@18b6b6b3
Tue Aug 22 13:34:33 IST 2017 domain:faq user:John task:getFAQ TYPE:GroovyAction@18b6b6b3
Tue Aug 22 13:35:28 IST 2017 domain:faq user:John task:getFAQ TYPE:GroovyAction@548512f2
Tue Aug 22 13:36:43 IST 2017 domain:faq user:John task:getFAQ TYPE:GroovyAction@25117ec5
Tue Aug 22 13:36:57 IST 2017 domain:faq user:John task:getFAQ TYPE:GroovyAction@25117ec5
Tue Aug 22 13:38:41 IST 2017 domain:faq user:John task:getFAQ TYPE:GroovyAction@7670e996
Tue Aug 22 13:38:59 IST 2017 domain:faq user:John task:getFAQ TYPE:GroovyAction@7670e996
Tue Aug 22 13:39:48 IST 2017 domain:faq user:John task:getFAQ TYPE:GroovyAction@f36aa4b
Tue Aug 22 13:40:06 IST 2017 domain:faq user:John task:getFAQ TYPE:GroovyAction@f36aa4b
Tue Aug 22 13:56:15 IST 2017 domain:faq user:John task:getFAQ TYPE:GroovyAction@f36aa4b
Tue Aug 22 14:51:55 IST 2017 domain:faq user:John task:getFAQ TYPE:GroovyAction@f36aa4b
Tue Aug 22 14:53:15 IST 2017 domain:faq user:John task:getFAQ TYPE:GroovyAction@201ed3f1
Tue Aug 22 14:53:53 IST 2017 domain:faq user:John task:getFAQ TYPE:GroovyAction@201ed3f1
Tue Aug 22 14:58:13 IST 2017 domain:faq user:John task:getFAQ TYPE:GroovyAction@6e290ad0
Tue Aug 22 14:58:53 IST 2017 domain:faq user:John task:getFAQ TYPE:GroovyAction@6e290ad0
Tue Aug 22 14:59:01 IST 2017 domain:faq user:John task:getFAQ TYPE:GroovyAction@6e290ad0
Tue Aug 22 15:00:39 IST 2017 domain:faq user:John task:getFAQ TYPE:GroovyAction@8819900
Tue Aug 22 15:49:25 IST 2017 domain:faq user:John task:getFAQ TYPE:GroovyAction@2f9849b1
Tue Aug 22 15:49:51 IST 2017 domain:faq user:John task:getFAQ TYPE:GroovyAction@2f9849b1
Tue Aug 22 15:51:56 IST 2017 domain:faq user:John task:getFAQ TYPE:GroovyAction@2f9849b1
Tue Aug 22 18:00:58 IST 2017 domain:faq user:John task:getFAQ TYPE:GroovyAction@2f9849b1
Tue Aug 22 18:01:26 IST 2017 domain:faq user:John task:getFAQ TYPE:GroovyAction@2f9849b1
Tue Aug 22 19:30:59 IST 2017 domain:faq user:John task:getFAQ TYPE:GroovyAction@7a991d66
Tue Aug 22 19:31:34 IST 2017 domain:faq user:John task:getFAQ TYPE:GroovyAction@7a991d66
Tue Aug 22 19:32:07 IST 2017 domain:faq user:John task:getFAQ TYPE:GroovyAction@dea137c
Tue Aug 22 19:36:12 IST 2017 domain:faq user:John task:getFAQ TYPE:GroovyAction@dea137c
Tue Aug 22 19:36:20 IST 2017 domain:faq user:John task:getFAQ TYPE:GroovyAction@dea137c
Tue Aug 22 20:05:40 IST 2017 domain:faq user:John task:getFAQ TYPE:GroovyAction@199f2830
Tue Aug 22 20:08:56 IST 2017 domain:faq user:John task:getFAQ TYPE:GroovyAction@5a8dd736
Tue Aug 22 20:12:36 IST 2017 domain:faq user:John task:getFAQ TYPE:GroovyAction@7bcbcc89
Tue Aug 22 20:15:24 IST 2017 domain:faq user:John task:getFAQ TYPE:GroovyAction@7bcbcc89
Tue Aug 22 20:18:07 IST 2017 domain:faq user:John task:getFAQ TYPE:GroovyAction@5b2d6419
Tue Aug 22 20:18:21 IST 2017 domain:faq user:John task:getFAQ TYPE:GroovyAction@5b2d6419
Tue Aug 22 20:20:16 IST 2017 domain:faq user:John task:getFAQ TYPE:GroovyAction@26bde3b6
Tue Aug 22 20:20:23 IST 2017 domain:faq user:John task:getFAQ TYPE:GroovyAction@26bde3b6
Tue Aug 22 20:33:24 IST 2017 domain:faq user:John task:getFAQ TYPE:GroovyAction@7117059a
Tue Aug 22 20:33:32 IST 2017 domain:faq user:John task:getFAQ TYPE:GroovyAction@7117059a
Tue Aug 22 20:44:33 IST 2017 domain:faq user:John task:getFAQ TYPE:GroovyAction@18271446
Tue Aug 22 20:44:47 IST 2017 domain:faq user:John task:getFAQ TYPE:GroovyAction@18271446
Tue Aug 22 20:52:29 IST 2017 domain:faq user:John task:getFAQ TYPE:GroovyAction@73c55dce
Tue Aug 22 20:52:45 IST 2017 domain:faq user:John task:getFAQ TYPE:GroovyAction@73c55dce
Wed Aug 23 10:14:25 IST 2017 domain:faq user:John task:getFAQ TYPE:GroovyAction@56a3463
Wed Aug 23 11:35:46 IST 2017 domain:faq user:John task:getFAQ TYPE:GroovyAction@527eade3
Wed Aug 23 11:36:03 IST 2017 domain:faq user:John task:getFAQ TYPE:GroovyAction@527eade3
Wed Aug 23 11:39:00 IST 2017 domain:faq user:John task:getFAQ TYPE:GroovyAction@40ceb2e0
Wed Aug 23 11:39:12 IST 2017 domain:faq user:John task:getFAQ TYPE:GroovyAction@40ceb2e0
Wed Aug 23 11:48:48 IST 2017 domain:faq user:John task:getFAQ TYPE:GroovyAction@8e49fae
Wed Aug 23 11:48:57 IST 2017 domain:faq user:John task:getFAQ TYPE:GroovyAction@8e49fae
Wed Aug 23 11:59:18 IST 2017 domain:faq user:John task:getFAQ TYPE:GroovyAction@70990f1f
Wed Aug 23 11:59:24 IST 2017 domain:faq user:John task:getFAQ TYPE:GroovyAction@70990f1f
Wed Aug 23 12:01:04 IST 2017 domain:faq user:John task:getFAQ TYPE:GroovyAction@c23a187
Wed Aug 23 12:01:09 IST 2017 domain:faq user:John task:getFAQ TYPE:GroovyAction@c23a187
Wed Aug 23 12:04:11 IST 2017 domain:faq user:John task:getFAQ TYPE:GroovyAction@d1ff6eb
Wed Aug 23 12:04:26 IST 2017 domain:faq user:John task:getFAQ TYPE:GroovyAction@d1ff6eb
Wed Aug 23 12:15:32 IST 2017 domain:faq user:John task:getFAQ TYPE:GroovyAction@5b133a19
Wed Aug 23 12:15:37 IST 2017 domain:faq user:John task:getFAQ TYPE:GroovyAction@5b133a19
Wed Aug 23 13:22:01 IST 2017 domain:faq user:John task:getFAQ TYPE:GroovyAction@a0ed331
Wed Aug 23 13:22:58 IST 2017 domain:faq user:John task:getFAQ TYPE:GroovyAction@a0ed331
Wed Aug 23 13:26:07 IST 2017 domain:faq user:John task:getFAQ TYPE:GroovyAction@5b697bf1
Wed Aug 23 13:26:14 IST 2017 domain:faq user:John task:getFAQ TYPE:GroovyAction@5b697bf1
Wed Aug 23 13:27:59 IST 2017 domain:faq user:John task:getFAQ TYPE:GroovyAction@196648bc
Wed Aug 23 13:29:36 IST 2017 domain:faq user:John task:getFAQ TYPE:GroovyAction@6922dc39
Wed Aug 23 13:29:52 IST 2017 domain:faq user:John task:getFAQ TYPE:GroovyAction@6922dc39
Wed Aug 23 14:30:40 IST 2017 domain:faq user:John task:getFAQ TYPE:GroovyAction@24af01e1
Wed Aug 23 14:31:42 IST 2017 domain:faq user:John task:getFAQ TYPE:GroovyAction@24af01e1
Wed Aug 23 14:32:01 IST 2017 domain:faq user:John task:getFAQ TYPE:GroovyAction@24af01e1
Wed Aug 23 14:35:07 IST 2017 domain:faq user:John task:getFAQ TYPE:GroovyAction@4d4bd13a
Wed Aug 23 14:58:23 IST 2017 domain:faq user:John task:getFAQ TYPE:GroovyAction@72f98d27
Wed Aug 23 15:01:29 IST 2017 domain:faq user:John task:getFAQ TYPE:GroovyAction@72f98d27
Wed Aug 23 15:27:35 IST 2017 domain:faq user:John task:getFAQ TYPE:GroovyAction@500ff310
Wed Aug 23 15:27:47 IST 2017 domain:faq user:John task:getFAQ TYPE:GroovyAction@500ff310
Wed Aug 23 15:33:33 IST 2017 domain:faq user:John task:getFAQ TYPE:GroovyAction@38103f20
Wed Aug 23 15:33:52 IST 2017 domain:faq user:John task:getFAQ TYPE:GroovyAction@38103f20
Wed Aug 23 15:41:48 IST 2017 domain:faq user:John task:getFAQ TYPE:GroovyAction@777b3b28
Wed Aug 23 15:41:55 IST 2017 domain:faq user:John task:getFAQ TYPE:GroovyAction@777b3b28
Wed Aug 23 15:49:01 IST 2017 domain:faq user:John task:getFAQ TYPE:GroovyAction@5b0af962
Wed Aug 23 15:49:13 IST 2017 domain:faq user:John task:getFAQ TYPE:GroovyAction@5b0af962
Wed Aug 23 16:10:13 IST 2017 domain:faq user:John task:getFAQ TYPE:GroovyAction@4b6c5f63
Wed Aug 23 16:10:25 IST 2017 domain:faq user:John task:getFAQ TYPE:GroovyAction@4b6c5f63
Wed Aug 23 16:36:00 IST 2017 domain:faq user:John task:getFAQ TYPE:GroovyAction@61f93479
Wed Aug 23 16:39:10 IST 2017 domain:faq user:John task:getFAQ TYPE:GroovyAction@61f93479
Wed Aug 23 17:22:25 IST 2017 domain:faq user:John task:cancelTask TYPE:GroovyAction@589e00d9
Wed Aug 23 17:22:32 IST 2017 domain:faq user:John task:cancelTask TYPE:GroovyAction@589e00d9
Wed Aug 23 17:46:29 IST 2017 domain:faq user:John task:getFAQ TYPE:GroovyAction@61f93479
Wed Aug 23 17:47:07 IST 2017 domain:faq user:John task:getFAQ TYPE:GroovyAction@61f93479
Wed Aug 23 18:47:59 IST 2017 domain:faq user:John task:getFAQ TYPE:GroovyAction@5ab6ef2d
Wed Aug 23 18:49:01 IST 2017 domain:faq user:John task:getFAQ TYPE:GroovyAction@5ab6ef2d
Wed Aug 23 19:17:49 IST 2017 domain:faq user:John task:getFAQ TYPE:GroovyAction@4bac5b17
Wed Aug 23 19:18:14 IST 2017 domain:faq user:John task:getFAQ TYPE:GroovyAction@4bac5b17
Wed Aug 23 19:22:53 IST 2017 domain:faq user:John task:getFAQ TYPE:GroovyAction@12abbcfb
Wed Aug 23 19:23:01 IST 2017 domain:faq user:John task:getFAQ TYPE:GroovyAction@12abbcfb
Wed Aug 23 19:24:23 IST 2017 domain:faq user:John task:getFAQ TYPE:GroovyAction@719068c4
Wed Aug 23 19:24:37 IST 2017 domain:faq user:John task:getFAQ TYPE:GroovyAction@719068c4
Wed Aug 23 19:31:15 IST 2017 domain:faq user:John task:getFAQ TYPE:GroovyAction@4e9ecf7d
Wed Aug 23 19:31:23 IST 2017 domain:faq user:John task:getFAQ TYPE:GroovyAction@4e9ecf7d
Wed Aug 23 19:40:37 IST 2017 domain:faq user:John task:getFAQ TYPE:GroovyAction@d450838
Thu Aug 24 11:59:15 IST 2017 domain:faq user:John task:getFAQ TYPE:GroovyAction@2aee50d6
Thu Aug 24 11:59:50 IST 2017 domain:faq user:John task:getFAQ TYPE:GroovyAction@2aee50d6
Thu Aug 24 12:07:56 IST 2017 domain:faq user:John task:getFAQ TYPE:GroovyAction@2aee50d6
Thu Aug 24 14:32:57 IST 2017 domain:faq user:John task:getFAQ TYPE:GroovyAction@666af1e4
Thu Aug 24 14:44:24 IST 2017 domain:faq user:John task:getFAQ TYPE:GroovyAction@79f7af09
Thu Aug 24 14:45:38 IST 2017 domain:faq user:John task:getFAQ TYPE:GroovyAction@5e4bf555
Thu Aug 24 15:25:55 IST 2017 domain:faq user:John task:getFAQ TYPE:GroovyAction@1f4ce9ac
Thu Aug 24 15:27:24 IST 2017 domain:faq user:John task:getFAQ TYPE:GroovyAction@33d3228c
Thu Aug 24 15:29:29 IST 2017 domain:faq user:John task:getFAQ TYPE:GroovyAction@25d8ff07
Thu Aug 24 15:49:17 IST 2017 domain:faq user:John task:getFAQ TYPE:GroovyAction@37a670f3
Thu Aug 24 15:53:57 IST 2017 domain:faq user:John task:getFAQ TYPE:GroovyAction@37a670f3
Thu Aug 24 18:04:17 IST 2017 domain:faq user:John task:getFAQ TYPE:GroovyAction@47efdb89
Thu Aug 24 19:18:19 IST 2017 domain:faq user:John task:getFAQ TYPE:GroovyAction@297c08d0
Thu Aug 24 19:26:55 IST 2017 domain:faq user:John task:getFAQ TYPE:GroovyAction@60b35bfc
Thu Aug 24 19:32:16 IST 2017 domain:faq user:John task:getFAQ TYPE:GroovyAction@5fdb641f
Thu Aug 24 19:34:10 IST 2017 domain:faq user:John task:getFAQ TYPE:GroovyAction@1572691a
Thu Aug 24 19:44:25 IST 2017 domain:faq user:John task:getFAQ TYPE:GroovyAction@4789d007
Thu Aug 24 19:49:11 IST 2017 domain:faq user:John task:getFAQ TYPE:GroovyAction@2c19e070
Thu Aug 24 19:51:00 IST 2017 domain:faq user:John task:getFAQ TYPE:GroovyAction@2d5516f4
Thu Aug 24 19:52:46 IST 2017 domain:faq user:John task:getFAQ TYPE:GroovyAction@6b107041
Thu Aug 24 19:53:03 IST 2017 domain:faq user:John task:getFAQ TYPE:GroovyAction@6b107041
Thu Aug 24 19:54:45 IST 2017 domain:faq user:John task:getFAQ TYPE:GroovyAction@70a4e4fd
Thu Aug 24 19:58:42 IST 2017 domain:faq user:John task:getFAQ TYPE:GroovyAction@574f2c4f
Thu Aug 24 19:59:21 IST 2017 domain:faq user:John task:getFAQ TYPE:GroovyAction@574f2c4f
Thu Aug 24 20:05:28 IST 2017 domain:faq user:John task:getFAQ TYPE:GroovyAction@266f8ffa
Thu Aug 24 20:19:07 IST 2017 domain:faq user:John task:getFAQ TYPE:GroovyAction@2b04cf9a
Fri Aug 25 11:44:06 IST 2017 domain:faq user:John task:getFAQ TYPE:GroovyAction@253008a8
Fri Aug 25 11:47:54 IST 2017 domain:faq user:John task:getFAQ TYPE:GroovyAction@73a601d7
Fri Aug 25 12:00:50 IST 2017 domain:faq user:John task:getFAQ TYPE:GroovyAction@2f7d5afe
Fri Aug 25 12:03:04 IST 2017 domain:faq user:John task:getFAQ TYPE:GroovyAction@2511c002
Fri Aug 25 12:04:48 IST 2017 domain:faq user:John task:getFAQ TYPE:GroovyAction@4931fed7
Fri Aug 25 12:05:51 IST 2017 domain:faq user:John task:getFAQ TYPE:GroovyAction@5014f33
Fri Aug 25 12:07:20 IST 2017 domain:faq user:John task:getFAQ TYPE:GroovyAction@5e39fedb
Fri Aug 25 12:08:44 IST 2017 domain:faq user:John task:getFAQ TYPE:GroovyAction@3cf6cd94
Fri Aug 25 12:10:07 IST 2017 domain:faq user:John task:getFAQ TYPE:GroovyAction@21f7894d
Fri Aug 25 12:10:39 IST 2017 domain:faq user:John task:getFAQ TYPE:GroovyAction@25c4ba9e
Fri Aug 25 12:10:59 IST 2017 domain:faq user:John task:getFAQ TYPE:GroovyAction@3ebd7dca
Fri Aug 25 12:12:02 IST 2017 domain:faq user:John task:getFAQ TYPE:GroovyAction@4faf8cd2
Fri Aug 25 12:18:49 IST 2017 domain:faq user:John task:getFAQ TYPE:GroovyAction@4faf8cd2
Fri Aug 25 12:19:06 IST 2017 domain:faq user:John task:getFAQ TYPE:GroovyAction@7fa75922
Fri Aug 25 12:24:38 IST 2017 domain:faq user:John task:getFAQ TYPE:GroovyAction@7fa75922
Fri Aug 25 12:34:39 IST 2017 domain:faq user:John task:getFAQ TYPE:GroovyAction@2c45bbbc
Fri Aug 25 12:35:23 IST 2017 domain:faq user:John task:getFAQ TYPE:GroovyAction@4410887d
Fri Aug 25 12:35:40 IST 2017 domain:faq user:John task:getFAQ TYPE:GroovyAction@4410887d
Fri Aug 25 12:36:20 IST 2017 domain:faq user:John task:getFAQ TYPE:GroovyAction@4410887d
Fri Aug 25 12:37:27 IST 2017 domain:faq user:John task:getFAQ TYPE:GroovyAction@2208f4fd
Fri Aug 25 12:38:16 IST 2017 domain:faq user:John task:getFAQ TYPE:GroovyAction@77acfca8
Fri Aug 25 12:39:31 IST 2017 domain:faq user:John task:getFAQ TYPE:GroovyAction@158f8f0d
Fri Aug 25 12:42:43 IST 2017 domain:faq user:John task:getFAQ TYPE:GroovyAction@40760588
Fri Aug 25 12:43:16 IST 2017 domain:faq user:John task:getFAQ TYPE:GroovyAction@40760588
Fri Aug 25 12:44:24 IST 2017 domain:faq user:John task:getFAQ TYPE:GroovyAction@78c74e5f
Fri Aug 25 12:45:27 IST 2017 domain:faq user:John task:getFAQ TYPE:GroovyAction@4255f5a1
Fri Aug 25 14:04:33 IST 2017 domain:faq user:John task:getFAQ TYPE:GroovyAction@34fe2341
Fri Aug 25 14:05:10 IST 2017 domain:faq user:John task:getFAQ TYPE:GroovyAction@34fe2341
Fri Aug 25 14:07:44 IST 2017 domain:faq user:John task:getFAQ TYPE:GroovyAction@44642a04
Fri Aug 25 14:09:24 IST 2017 domain:faq user:John task:getFAQ TYPE:GroovyAction@1c689a8b
Fri Aug 25 14:17:34 IST 2017 domain:faq user:John task:getFAQ TYPE:GroovyAction@336bc694
Fri Aug 25 14:19:12 IST 2017 domain:faq user:John task:getFAQ TYPE:GroovyAction@f930258
Fri Aug 25 14:25:47 IST 2017 domain:faq user:John task:getFAQ TYPE:GroovyAction@3a8cb45
Fri Aug 25 14:26:56 IST 2017 domain:faq user:John task:getFAQ TYPE:GroovyAction@2b6632fc
Fri Aug 25 14:27:56 IST 2017 domain:faq user:John task:getFAQ TYPE:GroovyAction@2b6632fc
Fri Aug 25 14:30:33 IST 2017 domain:faq user:John task:getFAQ TYPE:GroovyAction@3f9d37a4
Fri Aug 25 14:35:08 IST 2017 domain:faq user:John task:getFAQ TYPE:GroovyAction@52044e19
Fri Aug 25 14:36:28 IST 2017 domain:faq user:John task:getFAQ TYPE:GroovyAction@31c61c6f
Fri Aug 25 14:37:31 IST 2017 domain:faq user:John task:getFAQ TYPE:GroovyAction@1572691a
Fri Aug 25 14:44:00 IST 2017 domain:faq user:John task:getFAQ TYPE:GroovyAction@7a0c0f8c
Fri Aug 25 14:45:34 IST 2017 domain:faq user:John task:getFAQ TYPE:GroovyAction@7a0c0f8c
Fri Aug 25 14:45:48 IST 2017 domain:faq user:John task:getFAQ TYPE:GroovyAction@7a0c0f8c
Fri Aug 25 14:51:46 IST 2017 domain:faq user:John task:getFAQ TYPE:GroovyAction@61e62650
Fri Aug 25 14:53:04 IST 2017 domain:faq user:John task:getFAQ TYPE:GroovyAction@61e62650
Fri Aug 25 15:02:00 IST 2017 domain:faq user:John task:getFAQ TYPE:GroovyAction@4f8cfbcb
Fri Aug 25 15:09:35 IST 2017 domain:faq user:John task:getFAQ TYPE:GroovyAction@4f8cfbcb
Fri Aug 25 15:10:33 IST 2017 domain:faq user:John task:getFAQ TYPE:GroovyAction@4f8cfbcb
Fri Aug 25 15:15:14 IST 2017 domain:faq user:John task:getFAQ TYPE:GroovyAction@29cab3a4
Fri Aug 25 15:15:19 IST 2017 domain:faq user:John task:getFAQ TYPE:GroovyAction@29cab3a4
Fri Aug 25 15:15:41 IST 2017 domain:faq user:John task:getFAQ TYPE:GroovyAction@29cab3a4
Fri Aug 25 15:16:04 IST 2017 domain:faq user:John task:getFAQ TYPE:GroovyAction@5e4bf555
Fri Aug 25 15:23:13 IST 2017 domain:faq user:John task:getFAQ TYPE:GroovyAction@256e153d
Fri Aug 25 15:24:29 IST 2017 domain:faq user:John task:getFAQ TYPE:GroovyAction@b3f8f0e
Fri Aug 25 15:27:01 IST 2017 domain:faq user:John task:getFAQ TYPE:GroovyAction@41c54d9d
Fri Aug 25 15:27:35 IST 2017 domain:faq user:John task:getFAQ TYPE:GroovyAction@41c54d9d
Fri Aug 25 15:27:41 IST 2017 domain:faq user:John task:getFAQ TYPE:GroovyAction@41c54d9d
Fri Aug 25 15:29:05 IST 2017 domain:faq user:John task:getFAQ TYPE:GroovyAction@41c54d9d
Fri Aug 25 15:29:11 IST 2017 domain:faq user:John task:getFAQ TYPE:GroovyAction@41c54d9d
Fri Aug 25 15:42:24 IST 2017 domain:faq user:John task:getFAQ TYPE:GroovyAction@41c54d9d
Fri Aug 25 15:43:34 IST 2017 domain:faq user:John task:getFAQ TYPE:GroovyAction@41c54d9d
Fri Aug 25 15:44:34 IST 2017 domain:faq user:John task:getFAQ TYPE:GroovyAction@41c54d9d
Fri Aug 25 15:51:37 IST 2017 domain:faq user:John task:cancelTask TYPE:GroovyAction@162a42e4
Fri Aug 25 16:04:14 IST 2017 domain:faq user:John task:getFAQ TYPE:GroovyAction@2529a5e6
Fri Aug 25 16:10:15 IST 2017 domain:faq user:John task:getFAQ TYPE:GroovyAction@2529a5e6
Fri Aug 25 16:11:31 IST 2017 domain:faq user:John task:getFAQ TYPE:GroovyAction@2529a5e6
Fri Aug 25 17:08:20 IST 2017 domain:faq user:John task:getFAQ TYPE:GroovyAction@2529a5e6
Fri Aug 25 18:40:24 IST 2017 domain:faq user:John task:getFAQ TYPE:GroovyAction@2529a5e6
Fri Aug 25 18:50:31 IST 2017 domain:faq user:John task:getFAQ TYPE:GroovyAction@a5149f2
Mon Aug 28 13:19:49 IST 2017 domain:faq user:John task:getFAQ TYPE:GroovyAction@4c2d7fb3
Mon Aug 28 13:32:39 IST 2017 domain:faq user:John task:getFAQ TYPE:GroovyAction@298a5666
Mon Aug 28 13:36:17 IST 2017 domain:faq user:John task:getFAQ TYPE:GroovyAction@78b8401
Mon Aug 28 13:52:01 IST 2017 domain:faq user:John task:getFAQ TYPE:GroovyAction@78b8401
Mon Aug 28 13:57:05 IST 2017 domain:faq user:John task:getFAQ TYPE:GroovyAction@500ff310
Mon Aug 28 14:03:11 IST 2017 domain:faq user:John task:getFAQ TYPE:GroovyAction@4247b4d
Mon Aug 28 14:07:14 IST 2017 domain:faq user:John task:getFAQ TYPE:GroovyAction@52044e19
Mon Aug 28 14:12:40 IST 2017 domain:faq user:John task:getFAQ TYPE:GroovyAction@3861a44e
Mon Aug 28 14:13:25 IST 2017 domain:faq user:John task:getFAQ TYPE:GroovyAction@3861a44e
Mon Aug 28 14:20:16 IST 2017 domain:faq user:John task:getFAQ TYPE:GroovyAction@2d574019
Mon Aug 28 14:25:02 IST 2017 domain:faq user:John task:getFAQ TYPE:GroovyAction@71f10aa4
Mon Aug 28 16:03:36 IST 2017 domain:faq user:John task:getFAQ TYPE:GroovyAction@50f67a90
Mon Aug 28 16:11:36 IST 2017 domain:faq user:John task:getFAQ TYPE:GroovyAction@72d44401
Mon Aug 28 16:20:08 IST 2017 domain:faq user:John task:getFAQ TYPE:GroovyAction@1e1c9a2c
Mon Aug 28 16:27:05 IST 2017 domain:faq user:John task:getFAQ TYPE:GroovyAction@37785fb2
Mon Aug 28 17:22:40 IST 2017 domain:faq user:John task:getFAQ TYPE:GroovyAction@21f197f
Mon Aug 28 17:24:19 IST 2017 domain:faq user:John task:getFAQ TYPE:GroovyAction@36f68135
Mon Aug 28 17:25:24 IST 2017 domain:faq user:John task:getFAQ TYPE:GroovyAction@75f76d8d
Mon Aug 28 17:26:19 IST 2017 domain:faq user:John task:getFAQ TYPE:GroovyAction@75f76d8d
Mon Aug 28 17:28:12 IST 2017 domain:faq user:John task:getFAQ TYPE:GroovyAction@f077e44
Mon Aug 28 17:30:47 IST 2017 domain:faq user:John task:getFAQ TYPE:GroovyAction@6ccd75ae
Mon Aug 28 17:42:03 IST 2017 domain:faq user:John task:getFAQ TYPE:GroovyAction@2f090ad2
Mon Aug 28 17:45:19 IST 2017 domain:faq user:John task:getFAQ TYPE:GroovyAction@48d0b1e1
Mon Aug 28 17:47:08 IST 2017 domain:faq user:John task:getFAQ TYPE:GroovyAction@11419bf6
Mon Aug 28 17:47:54 IST 2017 domain:faq user:John task:getFAQ TYPE:GroovyAction@11419bf6
Mon Aug 28 17:48:21 IST 2017 domain:faq user:John task:getFAQ TYPE:GroovyAction@11419bf6
Mon Aug 28 17:49:55 IST 2017 domain:faq user:John task:getFAQ TYPE:GroovyAction@2d54a5d0
Mon Aug 28 17:50:54 IST 2017 domain:faq user:John task:getFAQ TYPE:GroovyAction@2d54a5d0
Mon Aug 28 17:55:25 IST 2017 domain:faq user:John task:getFAQ TYPE:GroovyAction@41783917
Mon Aug 28 17:59:53 IST 2017 domain:faq user:John task:getFAQ TYPE:GroovyAction@41783917
Mon Aug 28 18:17:14 IST 2017 domain:faq user:John task:getFAQ TYPE:GroovyAction@11419bf6
Mon Aug 28 18:21:40 IST 2017 domain:faq user:John task:getFAQ TYPE:GroovyAction@53c18a70
Mon Aug 28 18:21:57 IST 2017 domain:faq user:John task:getFAQ TYPE:GroovyAction@53c18a70
Mon Aug 28 18:22:37 IST 2017 domain:faq user:John task:getFAQ TYPE:GroovyAction@53c18a70
Mon Aug 28 18:25:31 IST 2017 domain:faq user:John task:getFAQ TYPE:GroovyAction@53c18a70
Mon Aug 28 18:36:03 IST 2017 domain:faq user:John task:getFAQ TYPE:GroovyAction@4a732bb7
Mon Aug 28 18:37:13 IST 2017 domain:faq user:John task:getFAQ TYPE:GroovyAction@6df52b54
Mon Aug 28 18:38:08 IST 2017 domain:faq user:John task:getFAQ TYPE:GroovyAction@2d8dcde
Mon Aug 28 18:40:06 IST 2017 domain:faq user:John task:getFAQ TYPE:GroovyAction@3ae50fe
Mon Aug 28 18:40:24 IST 2017 domain:faq user:John task:getFAQ TYPE:GroovyAction@3ae50fe
Mon Aug 28 18:43:39 IST 2017 domain:faq user:John task:getFAQ TYPE:GroovyAction@3ae50fe
Mon Aug 28 18:46:03 IST 2017 domain:faq user:John task:getFAQ TYPE:GroovyAction@142a68d9
Mon Aug 28 18:46:25 IST 2017 domain:faq user:John task:getFAQ TYPE:GroovyAction@142a68d9
Mon Aug 28 18:50:02 IST 2017 domain:faq user:John task:getFAQ TYPE:GroovyAction@32337f7a
Mon Aug 28 18:54:42 IST 2017 domain:faq user:John task:getFAQ TYPE:GroovyAction@47abdb33
Mon Aug 28 18:54:53 IST 2017 domain:faq user:John task:getFAQ TYPE:GroovyAction@47abdb33
Mon Aug 28 18:55:52 IST 2017 domain:faq user:John task:getFAQ TYPE:GroovyAction@47abdb33
Mon Aug 28 19:08:43 IST 2017 domain:faq user:John task:getFAQ TYPE:GroovyAction@11851476
Mon Aug 28 19:09:31 IST 2017 domain:faq user:John task:getFAQ TYPE:GroovyAction@11851476
Mon Aug 28 19:25:14 IST 2017 domain:faq user:John task:getFAQ TYPE:GroovyAction@4e9ecf7d
Mon Aug 28 19:25:56 IST 2017 domain:faq user:John task:getFAQ TYPE:GroovyAction@4e9ecf7d
Mon Aug 28 19:26:52 IST 2017 domain:faq user:John task:getFAQ TYPE:GroovyAction@4e9ecf7d
Mon Aug 28 19:35:31 IST 2017 domain:faq user:John task:getFAQ TYPE:GroovyAction@214ccd79
Mon Aug 28 19:36:28 IST 2017 domain:faq user:John task:getFAQ TYPE:GroovyAction@5c17a485
Mon Aug 28 19:36:50 IST 2017 domain:faq user:John task:getFAQ TYPE:GroovyAction@5c17a485
Mon Aug 28 19:39:25 IST 2017 domain:faq user:John task:getFAQ TYPE:GroovyAction@4926ff6
Mon Aug 28 19:39:41 IST 2017 domain:faq user:John task:getFAQ TYPE:GroovyAction@4926ff6
Mon Aug 28 20:15:26 IST 2017 domain:faq user:John task:getFAQ TYPE:GroovyAction@54890086
Mon Aug 28 20:15:59 IST 2017 domain:faq user:John task:getFAQ TYPE:GroovyAction@1521343d
Mon Aug 28 20:17:10 IST 2017 domain:faq user:John task:getFAQ TYPE:GroovyAction@3bc77d29
Mon Aug 28 20:17:29 IST 2017 domain:faq user:John task:getFAQ TYPE:GroovyAction@250b0b0e
Mon Aug 28 20:19:08 IST 2017 domain:faq user:John task:getFAQ TYPE:GroovyAction@5d8624d5
Mon Aug 28 20:19:24 IST 2017 domain:faq user:John task:getFAQ TYPE:GroovyAction@6138a175
Mon Aug 28 20:20:57 IST 2017 domain:faq user:John task:getFAQ TYPE:GroovyAction@400f8d1f
Tue Aug 29 11:22:02 IST 2017 domain:faq user:John task:getFAQ TYPE:GroovyAction@41e06de1
Tue Aug 29 11:23:56 IST 2017 domain:faq user:John task:getFAQ TYPE:GroovyAction@6acbd711
Tue Aug 29 11:24:20 IST 2017 domain:faq user:John task:getFAQ TYPE:GroovyAction@6acbd711
Tue Aug 29 11:24:45 IST 2017 domain:faq user:John task:getFAQ TYPE:GroovyAction@6acbd711
Tue Aug 29 11:28:28 IST 2017 domain:faq user:John task:getFAQ TYPE:GroovyAction@76e8f79
Tue Aug 29 11:28:45 IST 2017 domain:faq user:John task:getFAQ TYPE:GroovyAction@76e8f79
Tue Aug 29 11:39:46 IST 2017 domain:faq user:John task:getFAQ TYPE:GroovyAction@81acc08
Tue Aug 29 11:40:07 IST 2017 domain:faq user:John task:getFAQ TYPE:GroovyAction@81acc08
Tue Aug 29 11:47:16 IST 2017 domain:faq user:John task:getFAQ TYPE:GroovyAction@252ba346
Tue Aug 29 11:47:27 IST 2017 domain:faq user:John task:getFAQ TYPE:GroovyAction@252ba346
Tue Aug 29 11:48:12 IST 2017 domain:faq user:John task:getFAQ TYPE:GroovyAction@252ba346
Tue Aug 29 11:57:11 IST 2017 domain:faq user:John task:getFAQ TYPE:GroovyAction@15791070
Tue Aug 29 11:57:52 IST 2017 domain:faq user:John task:getFAQ TYPE:GroovyAction@ad3f223
Tue Aug 29 12:01:59 IST 2017 domain:faq user:John task:getFAQ TYPE:GroovyAction@410dbba0
Tue Aug 29 12:02:44 IST 2017 domain:faq user:John task:getFAQ TYPE:GroovyAction@a8bdf7a
Tue Aug 29 13:01:51 IST 2017 domain:faq user:John task:getFAQ TYPE:GroovyAction@a608405
Tue Aug 29 13:02:26 IST 2017 domain:faq user:John task:getFAQ TYPE:GroovyAction@a608405
Tue Aug 29 13:03:10 IST 2017 domain:faq user:John task:getFAQ TYPE:GroovyAction@a608405
Tue Aug 29 13:19:36 IST 2017 domain:faq user:John task:getFAQ TYPE:GroovyAction@393b9e16
Tue Aug 29 13:19:48 IST 2017 domain:faq user:John task:getFAQ TYPE:GroovyAction@393b9e16
Tue Aug 29 13:19:59 IST 2017 domain:faq user:John task:getFAQ TYPE:GroovyAction@393b9e16
Tue Aug 29 13:26:05 IST 2017 domain:faq user:John task:getFAQ TYPE:GroovyAction@62112861
Tue Aug 29 13:27:14 IST 2017 domain:faq user:John task:getFAQ TYPE:GroovyAction@42c4a6b0
Tue Aug 29 13:38:24 IST 2017 domain:faq user:John task:getFAQ TYPE:GroovyAction@336bc694
Tue Aug 29 13:38:56 IST 2017 domain:faq user:John task:getFAQ TYPE:GroovyAction@336bc694
Tue Aug 29 13:46:43 IST 2017 domain:faq user:John task:getFAQ TYPE:GroovyAction@336bc694
Tue Aug 29 14:01:34 IST 2017 domain:faq user:John task:getFAQ TYPE:GroovyAction@1e98de2
Tue Aug 29 14:02:01 IST 2017 domain:faq user:John task:getFAQ TYPE:GroovyAction@1e98de2
Tue Aug 29 14:09:34 IST 2017 domain:faq user:John task:getFAQ TYPE:GroovyAction@395b6dbb
Tue Aug 29 14:09:48 IST 2017 domain:faq user:John task:getFAQ TYPE:GroovyAction@395b6dbb
Tue Aug 29 14:10:03 IST 2017 domain:faq user:John task:getFAQ TYPE:GroovyAction@395b6dbb
Tue Aug 29 14:37:25 IST 2017 domain:faq user:John task:getFAQ TYPE:GroovyAction@1e98de2
Tue Aug 29 14:37:40 IST 2017 domain:faq user:John task:getFAQ TYPE:GroovyAction@1e98de2
Tue Aug 29 14:53:35 IST 2017 domain:faq user:John task:getFAQ TYPE:GroovyAction@20214112
Tue Aug 29 14:53:50 IST 2017 domain:faq user:John task:getFAQ TYPE:GroovyAction@20214112
Tue Aug 29 14:55:29 IST 2017 domain:faq user:John task:getFAQ TYPE:GroovyAction@625bc6c6
Tue Aug 29 14:55:37 IST 2017 domain:faq user:John task:getFAQ TYPE:GroovyAction@625bc6c6
Wed Aug 30 14:50:57 IST 2017 domain:faq user:John task:getFAQ TYPE:GroovyAction@ccfcd02
Wed Aug 30 14:51:12 IST 2017 domain:faq user:John task:getFAQ TYPE:GroovyAction@ccfcd02
Wed Aug 30 14:53:21 IST 2017 domain:faq user:John task:getFAQ TYPE:GroovyAction@ccfcd02
Wed Aug 30 14:53:43 IST 2017 domain:faq user:John task:getFAQ TYPE:GroovyAction@ccfcd02
Wed Aug 30 15:02:10 IST 2017 domain:faq user:John task:getFAQ TYPE:GroovyAction@7efedf6e
Wed Aug 30 15:02:25 IST 2017 domain:faq user:John task:getFAQ TYPE:GroovyAction@7efedf6e
Wed Aug 30 15:02:54 IST 2017 domain:faq user:John task:getFAQ TYPE:GroovyAction@7efedf6e
Wed Aug 30 15:03:18 IST 2017 domain:faq user:John task:getFAQ TYPE:GroovyAction@7efedf6e
Wed Aug 30 15:24:30 IST 2017 domain:faq user:John task:getFAQ TYPE:GroovyAction@7efedf6e
Wed Aug 30 15:24:58 IST 2017 domain:faq user:John task:getFAQ TYPE:GroovyAction@7efedf6e
Wed Aug 30 16:12:54 IST 2017 domain:faq user:John task:getFAQ TYPE:GroovyAction@76ac115f
Wed Aug 30 16:28:42 IST 2017 domain:faq user:John task:getFAQ TYPE:GroovyAction@4880403
Wed Aug 30 16:34:59 IST 2017 domain:faq user:John task:getFAQ TYPE:GroovyAction@4880403
Wed Aug 30 16:36:41 IST 2017 domain:faq user:John task:getFAQ TYPE:GroovyAction@4880403
Wed Aug 30 16:37:18 IST 2017 domain:faq user:John task:getFAQ TYPE:GroovyAction@4880403
Wed Aug 30 16:37:59 IST 2017 domain:faq user:John task:getFAQ TYPE:GroovyAction@4880403
Wed Aug 30 16:39:36 IST 2017 domain:faq user:John task:getFAQ TYPE:GroovyAction@4880403
Wed Aug 30 17:47:11 IST 2017 domain:faq user:John task:getFAQ TYPE:GroovyAction@36f1fe1c
Wed Aug 30 17:51:32 IST 2017 domain:faq user:John task:getFAQ TYPE:GroovyAction@5e19d152
Wed Aug 30 18:35:26 IST 2017 domain:faq user:John task:getFAQ TYPE:GroovyAction@403ef01b
Wed Aug 30 18:36:48 IST 2017 domain:faq user:John task:getFAQ TYPE:GroovyAction@403ef01b
Wed Aug 30 18:38:57 IST 2017 domain:faq user:John task:getFAQ TYPE:GroovyAction@1b5afa86
Wed Aug 30 18:39:10 IST 2017 domain:faq user:John task:getFAQ TYPE:GroovyAction@1b5afa86
Wed Aug 30 18:41:07 IST 2017 domain:faq user:John task:getFAQ TYPE:GroovyAction@70e0cebf
Wed Aug 30 18:41:16 IST 2017 domain:faq user:John task:getFAQ TYPE:GroovyAction@70e0cebf
Wed Aug 30 18:42:41 IST 2017 domain:faq user:John task:getFAQ TYPE:GroovyAction@6d91ebe3
Wed Aug 30 18:42:55 IST 2017 domain:faq user:John task:getFAQ TYPE:GroovyAction@6d91ebe3
Thu Aug 31 11:58:34 IST 2017 domain:faq user:John task:getFAQ TYPE:GroovyAction@300942db
Thu Aug 31 11:59:56 IST 2017 domain:faq user:John task:getFAQ TYPE:GroovyAction@300942db
Thu Aug 31 12:01:54 IST 2017 domain:faq user:John task:getFAQ TYPE:GroovyAction@719068c4
Thu Aug 31 12:05:32 IST 2017 domain:faq user:John task:getFAQ TYPE:GroovyAction@719068c4
Thu Aug 31 13:12:07 IST 2017 domain:faq user:John task:getFAQ TYPE:GroovyAction@45cdb632
Thu Aug 31 13:16:54 IST 2017 domain:faq user:John task:getFAQ TYPE:GroovyAction@193c774c
Thu Aug 31 13:29:28 IST 2017 domain:faq user:John task:getFAQ TYPE:GroovyAction@34b505d2
Thu Aug 31 13:30:51 IST 2017 domain:faq user:John task:getFAQ TYPE:GroovyAction@34b505d2
Thu Aug 31 14:24:59 IST 2017 domain:faq user:John task:getFAQ TYPE:GroovyAction@5b614621
Thu Aug 31 14:45:49 IST 2017 domain:faq user:John task:getFAQ TYPE:GroovyAction@506920a5
Thu Aug 31 14:48:41 IST 2017 domain:faq user:John task:getFAQ TYPE:GroovyAction@7f2c631a
Thu Aug 31 14:51:15 IST 2017 domain:faq user:John task:getFAQ TYPE:GroovyAction@7f2c631a
Thu Aug 31 14:53:16 IST 2017 domain:faq user:John task:getFAQ TYPE:GroovyAction@19f39f87
Thu Aug 31 14:53:38 IST 2017 domain:faq user:John task:getFAQ TYPE:GroovyAction@19f39f87
Thu Aug 31 15:30:33 IST 2017 domain:faq user:John task:getFAQ TYPE:GroovyAction@19f39f87
Thu Aug 31 18:36:50 IST 2017 domain:faq user:John task:getFAQ TYPE:GroovyAction@156623ca
Thu Aug 31 19:33:27 IST 2017 domain:faq user:John task:getFAQ TYPE:GroovyAction@522bd140
Thu Aug 31 19:35:33 IST 2017 domain:faq user:John task:getFAQ TYPE:GroovyAction@522bd140
Thu Aug 31 19:49:20 IST 2017 domain:faq user:John task:getFAQ TYPE:GroovyAction@4d373ad9
Thu Aug 31 19:51:42 IST 2017 domain:faq user:John task:getFAQ TYPE:GroovyAction@35041455
Thu Aug 31 19:55:42 IST 2017 domain:faq user:John task:getFAQ TYPE:GroovyAction@73ec71a7
Thu Aug 31 19:57:41 IST 2017 domain:faq user:John task:getFAQ TYPE:GroovyAction@73ec71a7
Thu Aug 31 20:05:48 IST 2017 domain:faq user:John task:getFAQ TYPE:GroovyAction@984103d
Thu Aug 31 20:05:59 IST 2017 domain:faq user:John task:getFAQ TYPE:GroovyAction@984103d
Thu Aug 31 20:10:50 IST 2017 domain:faq user:John task:getFAQ TYPE:GroovyAction@75fb1b50
Thu Aug 31 20:14:14 IST 2017 domain:faq user:John task:getFAQ TYPE:GroovyAction@dda8179
Thu Aug 31 20:14:28 IST 2017 domain:faq user:John task:getFAQ TYPE:GroovyAction@dda8179
Thu Aug 31 20:16:02 IST 2017 domain:faq user:John task:getFAQ TYPE:GroovyAction@69fd1461
Thu Aug 31 20:19:54 IST 2017 domain:faq user:John task:getFAQ TYPE:GroovyAction@77e231bc
Thu Aug 31 20:20:04 IST 2017 domain:faq user:John task:getFAQ TYPE:GroovyAction@77e231bc
Thu Aug 31 20:20:17 IST 2017 domain:faq user:John task:getFAQ TYPE:GroovyAction@77e231bc
