Mon Jul 03 11:41:48 IST 2017 domain:hotel user:John task:getTripInformation TYPE:GroovyAction@50ca662b
Mon Jul 03 13:29:08 IST 2017 domain:hotel user:John task:getTripInformation TYPE:GroovyAction@29facb59
Mon Jul 03 13:30:11 IST 2017 domain:hotel user:John task:getTripInformation TYPE:GroovyAction@29facb59
Mon Jul 03 17:22:44 IST 2017 domain:trip user: task:getTripInformation TYPE:GroovyAction@738dc9b
Mon Jul 03 17:27:22 IST 2017 domain:trip user:John task:getTripInformation TYPE:GroovyAction@17f7fe7f
Mon Jul 03 17:31:30 IST 2017 domain:trip user:John task:getWeatherInformation TYPE:HTTPAction@678687f0
Mon Jul 03 17:32:42 IST 2017 domain:trip user:John task:getTripInformation TYPE:GroovyAction@17f7fe7f
Mon Jul 03 17:37:11 IST 2017 domain:trip user:John task:getWeatherInformation TYPE:HTTPAction@678687f0
Mon Jul 03 17:37:32 IST 2017 domain:trip user:John task:getWeatherInformation TYPE:HTTPAction@678687f0
Mon Jul 03 17:53:34 IST 2017 domain:trip user:John task:getTripInformation TYPE:GroovyAction@418886db
Mon Jul 03 17:58:51 IST 2017 domain:trip user:John task:getWikipediaCityInfo TYPE:HTTPAction@30984ea1
Mon Jul 03 17:59:37 IST 2017 domain:trip user:John task:getWikipediaCityInfo TYPE:HTTPAction@30984ea1
Tue Jul 04 14:08:41 IST 2017 domain:trip user:John task:getWeatherInformation TYPE:HTTPAction@620a2a72
Tue Jul 04 14:17:02 IST 2017 domain:trip user:John task:getTripInformation TYPE:GroovyAction@cb24841
Tue Jul 04 16:00:01 IST 2017 domain:hotel user:John task:bookHotel TYPE:GroovyAction@144a00b3
Wed Jul 05 16:22:28 IST 2017 domain:trip user:John task:getTripInformation TYPE:GroovyAction@7d59b342
Wed Jul 05 16:25:14 IST 2017 domain:trip user:John task:getTripInformation TYPE:GroovyAction@7d59b342
Wed Jul 05 16:25:37 IST 2017 domain:trip user:John task:getWikipediaCityInfo TYPE:HTTPAction@2035325d
Wed Jul 05 16:35:24 IST 2017 domain:trip user:John task:getTripInformation TYPE:GroovyAction@7d59b342
Wed Jul 05 16:37:06 IST 2017 domain:trip user:John task:getTripInformation TYPE:GroovyAction@7d59b342
Wed Jul 05 17:11:13 IST 2017 domain:hotel user:John task:bookHotel TYPE:GroovyAction@386d941e
Wed Jul 05 17:33:13 IST 2017 domain:trip user:John task:getTripInformation TYPE:GroovyAction@7e87a012
Wed Jul 05 17:41:32 IST 2017 domain:trip user:John task:getWikipediaCityInfo TYPE:HTTPAction@4f3aa1eb
Wed Jul 05 17:56:56 IST 2017 domain:trip user:John task:getWikipediaCityInfo TYPE:HTTPAction@2c788e4b
Wed Jul 05 18:00:02 IST 2017 domain:trip user:John task:getTripInformation TYPE:GroovyAction@548e1413
Thu Jul 06 11:32:34 IST 2017 domain:hotel user:John task:bookHotel TYPE:GroovyAction@692be9c1
Thu Jul 06 11:44:10 IST 2017 domain:hotel user:John task:bookHotel TYPE:GroovyAction@524d3e35
Thu Jul 06 11:56:34 IST 2017 domain:hotel user:John task:bookHotel TYPE:GroovyAction@fc2168e
Tue Jul 18 15:57:40 IST 2017 domain:trip user:John task:getTripInformation TYPE:GroovyAction@4a36c716
Tue Jul 18 15:58:32 IST 2017 domain:trip user:John task:getTripInformation TYPE:GroovyAction@4a36c716
Tue Jul 18 16:00:33 IST 2017 domain:trip user:John task:getTripInformation TYPE:GroovyAction@131e2701
Tue Jul 18 16:05:09 IST 2017 domain:hotel user:John task:bookHotel TYPE:GroovyAction@28ac859
Thu Jul 20 14:19:02 IST 2017 domain:hotel user:John task:bookHotel TYPE:GroovyAction@3138c5dc
