Wed Jun 07 10:14:37 IST 2017 domain:trip_groovy user:John task:getTripInformation TYPE:GroovyAction@481dec8a
Wed Jun 07 10:15:57 IST 2017 domain:trip_groovy user:John task:getTripInformation TYPE:GroovyAction@481dec8a
Wed Jun 07 10:16:22 IST 2017 domain:trip_groovy user:John task:getTripInformation TYPE:GroovyAction@2eca965c
Wed Jun 07 10:18:19 IST 2017 domain:trip_groovy user:John task:getTripInformation TYPE:GroovyAction@4b2bac36
Wed Jun 07 10:34:18 IST 2017 domain:trip_groovy user:John task:getTripInformation TYPE:GroovyAction@26cc7e2
Wed Jun 07 10:38:37 IST 2017 domain:trip_groovy user:John task:getTripInformation TYPE:GroovyAction@26cc7e2
Tue Jun 27 14:51:14 IST 2017 domain:website user: task:addButton TYPE:HTTPAction@4dbb42b7
Tue Jun 27 15:19:53 IST 2017 domain:website user: task:addButton TYPE:HTTPAction@31fa1761
Tue Jun 27 15:26:59 IST 2017 domain:website_groovy user: task:addButton TYPE:GroovyAction@35ef1869
Thu Jun 29 10:24:32 IST 2017 domain:trip_groovy user:John task:getTripInformation TYPE:GroovyAction@26ab736a
Thu Jun 29 10:38:04 IST 2017 domain:trip_groovy user:John task:getWeatherInformation TYPE:HTTPAction@12cc8c8e
Thu Jun 29 10:38:56 IST 2017 domain:trip_groovy user:John task:getWikipediaCityInfo TYPE:HTTPAction@77061afd
Thu Jun 29 10:42:27 IST 2017 domain:trip_groovy user:John task:getTripInformation TYPE:GroovyAction@49198103
Thu Jun 29 10:51:37 IST 2017 domain:trip_groovy user:John task:getTripInformation TYPE:GroovyAction@7838ae35
Thu Jun 29 11:13:35 IST 2017 domain:trip_groovy user: task:getTripInformation TYPE:GroovyAction@738dc9b
Thu Jun 29 11:20:54 IST 2017 domain:trip_groovy user:John task:getTripInformation TYPE:GroovyAction@341215b1
Thu Jun 29 11:25:38 IST 2017 domain:trip_groovy user:John task:getWikipediaCityInfo TYPE:HTTPAction@506d8fab
Thu Jun 29 11:26:37 IST 2017 domain:trip_groovy user:John task:getTripInformation TYPE:GroovyAction@341215b1
Thu Jun 29 11:38:01 IST 2017 domain:trip_groovy user:John task:getWeatherInformation TYPE:HTTPAction@1ab3ce7a
Thu Jun 29 11:44:30 IST 2017 domain:trip_groovy user:John task:getTripInformation TYPE:GroovyAction@15669dc5
Thu Jun 29 11:48:07 IST 2017 domain:trip_groovy user:John task:getTripInformation TYPE:GroovyAction@46dcc19b
Thu Jun 29 11:51:35 IST 2017 domain:trip_groovy user:John task:getWikipediaCityInfo TYPE:HTTPAction@37785fb2
Thu Jun 29 11:52:57 IST 2017 domain:trip_groovy user:John task:getWikipediaCityInfo TYPE:HTTPAction@37785fb2
Thu Jun 29 11:53:41 IST 2017 domain:trip_groovy user:John task:cancelTask TYPE:GroovyAction@27441570
Thu Jun 29 11:55:48 IST 2017 domain:trip_groovy user:John task:getTripInformation TYPE:GroovyAction@67ffeb90
Fri Jun 30 14:12:52 IST 2017 domain:hotel user:John task:getTripInformation TYPE:GroovyAction@1b2f924c
Fri Jun 30 17:06:05 IST 2017 domain:hotel user:John task:getTripInformation TYPE:GroovyAction@1364509b
Fri Jun 30 18:24:07 IST 2017 domain:trip_groovy user: task:getTripInformation TYPE:GroovyAction@7526515b
Fri Jun 30 18:28:35 IST 2017 domain:trip_groovy user:John task:getTripInformation TYPE:GroovyAction@6dbbf03c
Fri Jun 30 18:32:46 IST 2017 domain:trip_groovy user:John task:getWikipediaCityInfo TYPE:HTTPAction@33d93842
Fri Jun 30 18:34:56 IST 2017 domain:trip_groovy user:John task:getWikipediaCityInfo TYPE:HTTPAction@33d93842
Fri Jun 30 18:37:13 IST 2017 domain:trip_groovy user:John task:getTripInformation TYPE:GroovyAction@6dbbf03c
Fri Jun 30 18:47:52 IST 2017 domain:trip_groovy user:John task:getWeatherInformation TYPE:HTTPAction@5a348bc7
Fri Jun 30 18:49:06 IST 2017 domain:trip_groovy user:John task:getWikipediaCityInfo TYPE:HTTPAction@33d93842
Fri Jun 30 18:57:46 IST 2017 domain:trip_groovy user:John task:getTripInformation TYPE:GroovyAction@298ef165
