Sun May 14 17:32:56 IST 2017 domain:trip user:dummy task:getTripInformation TYPE:GroovyAction@5ab956d7
Sun May 14 17:34:09 IST 2017 domain:trip user:John task:getTripInformation TYPE:GroovyAction@15bc120e
Mon May 15 19:16:32 IST 2017 domain:ola user:dummy task:startOLAConversation TYPE:GroovyAction@291ae
Mon May 15 19:17:04 IST 2017 domain:ola user:dummy task:withExistingLoan TYPE:GroovyAction@7714e963
Mon May 15 19:17:19 IST 2017 domain:ola user:dummy task:getFAQ TYPE:GroovyAction@5e0826e7
Mon May 15 19:18:58 IST 2017 domain:ola user:dummy task:startOLAConversation TYPE:GroovyAction@291ae
Mon May 15 19:19:07 IST 2017 domain:ola user:dummy task:regularPayer TYPE:GroovyAction@7714e963
Mon May 15 19:19:09 IST 2017 domain:ola user:dummy task:getCibilScore TYPE:GroovyAction@393671df
Mon May 15 19:19:21 IST 2017 domain:ola user:dummy task:checkCIBIL TYPE:GroovyAction@6eda5c9
Mon May 15 19:27:24 IST 2017 domain:ola user:dummy task:startOLAConversation TYPE:GroovyAction@188715b5
Mon May 15 19:27:26 IST 2017 domain:ola user:dummy task:withExistingLoan TYPE:GroovyAction@55b7a4e0
Mon May 15 19:27:31 IST 2017 domain:ola user:dummy task:getFAQ TYPE:GroovyAction@3ce1e309
Mon May 15 19:30:31 IST 2017 domain:ola user:dummy task:startOLAConversation TYPE:GroovyAction@188715b5
Mon May 15 19:30:33 IST 2017 domain:ola user:dummy task:withExistingLoan TYPE:GroovyAction@55b7a4e0
Mon May 15 19:31:43 IST 2017 domain:ola user:dummy task:startOLAConversation TYPE:GroovyAction@188715b5
Mon May 15 19:31:46 IST 2017 domain:ola user:dummy task:withExistingLoan TYPE:GroovyAction@55b7a4e0
Mon May 15 19:34:22 IST 2017 domain:ola user:dummy task:startOLAConversation TYPE:GroovyAction@188715b5
Mon May 15 19:34:24 IST 2017 domain:ola user:dummy task:withExistingLoan TYPE:GroovyAction@55b7a4e0
Mon May 15 19:38:45 IST 2017 domain:ola user:dummy task:startOLAConversation TYPE:GroovyAction@188715b5
Mon May 15 19:38:47 IST 2017 domain:ola user:dummy task:withExistingLoan TYPE:GroovyAction@55b7a4e0
Mon May 15 19:46:12 IST 2017 domain:ola user:dummy task:startOLAConversation TYPE:GroovyAction@188715b5
Mon May 15 19:46:13 IST 2017 domain:ola user:dummy task:withExistingLoan TYPE:GroovyAction@55b7a4e0
Mon May 15 19:47:58 IST 2017 domain:ola user:dummy task:startOLAConversation TYPE:GroovyAction@188715b5
Mon May 15 19:48:00 IST 2017 domain:ola user:dummy task:withExistingLoan TYPE:GroovyAction@55b7a4e0
Mon May 15 19:49:00 IST 2017 domain:ola user:dummy task:startOLAConversation TYPE:GroovyAction@188715b5
Mon May 15 19:49:03 IST 2017 domain:ola user:dummy task:withExistingLoan TYPE:GroovyAction@55b7a4e0
Mon May 15 19:49:07 IST 2017 domain:ola user:dummy task:getFAQ TYPE:GroovyAction@3ce1e309
Mon May 15 19:54:54 IST 2017 domain:ola user:dummy task:startOLAConversation TYPE:GroovyAction@188715b5
Mon May 15 19:55:00 IST 2017 domain:ola user:dummy task:withExistingLoan TYPE:GroovyAction@55b7a4e0
Mon May 15 19:55:08 IST 2017 domain:ola user:dummy task:getFAQ TYPE:GroovyAction@3ce1e309
Mon May 15 19:58:38 IST 2017 domain:ola user:dummy task:startOLAConversation TYPE:GroovyAction@188715b5
Mon May 15 19:58:40 IST 2017 domain:ola user:dummy task:withExistingLoan TYPE:GroovyAction@55b7a4e0
Mon May 15 19:58:49 IST 2017 domain:ola user:dummy task:getFAQ TYPE:GroovyAction@3ce1e309
Mon May 15 20:04:43 IST 2017 domain:ola user:dummy task:startOLAConversation TYPE:GroovyAction@188715b5
Mon May 15 20:04:46 IST 2017 domain:ola user:dummy task:withExistingLoan TYPE:GroovyAction@55b7a4e0
Mon May 15 20:04:51 IST 2017 domain:ola user:dummy task:getFAQ TYPE:GroovyAction@3ce1e309
Mon May 15 20:04:52 IST 2017 domain:ola user:dummy task:withExistingLoan TYPE:GroovyAction@55b7a4e0
Mon May 15 20:19:30 IST 2017 domain:ola user:dummy task:startOLAConversation TYPE:GroovyAction@188715b5
Mon May 15 20:19:32 IST 2017 domain:ola user:dummy task:withExistingLoan TYPE:GroovyAction@55b7a4e0
Mon May 15 20:19:37 IST 2017 domain:ola user:dummy task:getFAQ TYPE:GroovyAction@3ce1e309
Mon May 15 20:19:39 IST 2017 domain:ola user:dummy task:withExistingLoan TYPE:GroovyAction@55b7a4e0
Mon May 15 20:35:55 IST 2017 domain:ola user:dummy task:startOLAConversation TYPE:GroovyAction@188715b5
Mon May 15 20:38:03 IST 2017 domain:ola user:dummy task:startOLAConversation TYPE:GroovyAction@188715b5
Mon May 15 20:38:15 IST 2017 domain:ola user:dummy task:withExistingLoan TYPE:GroovyAction@55b7a4e0
Mon May 15 20:39:14 IST 2017 domain:ola user:dummy task:getFAQ TYPE:GroovyAction@3ce1e309
Mon May 15 20:39:15 IST 2017 domain:ola user:dummy task:withExistingLoan TYPE:GroovyAction@55b7a4e0
Mon May 15 20:40:44 IST 2017 domain:ola user:dummy task:startOLAConversation TYPE:GroovyAction@188715b5
Mon May 15 20:40:48 IST 2017 domain:ola user:dummy task:withExistingLoan TYPE:GroovyAction@55b7a4e0
Mon May 15 20:40:53 IST 2017 domain:ola user:dummy task:getFAQ TYPE:GroovyAction@3ce1e309
Mon May 15 20:40:54 IST 2017 domain:ola user:dummy task:withExistingLoan TYPE:GroovyAction@55b7a4e0
Mon May 15 20:42:16 IST 2017 domain:ola user:dummy task:startOLAConversation TYPE:GroovyAction@188715b5
Mon May 15 20:42:20 IST 2017 domain:ola user:dummy task:withExistingLoan TYPE:GroovyAction@55b7a4e0
Mon May 15 20:43:21 IST 2017 domain:ola user:dummy task:getFAQ TYPE:GroovyAction@3ce1e309
Mon May 15 20:43:23 IST 2017 domain:ola user:dummy task:withExistingLoan TYPE:GroovyAction@55b7a4e0
Mon May 15 20:48:32 IST 2017 domain:ola user:dummy task:startOLAConversation TYPE:GroovyAction@188715b5
Mon May 15 20:50:45 IST 2017 domain:ola user:dummy task:withExistingLoan TYPE:GroovyAction@55b7a4e0
Mon May 15 21:23:21 IST 2017 domain:ola user:dummy task:startOLAConversation TYPE:GroovyAction@188715b5
Mon May 15 21:23:28 IST 2017 domain:ola user:dummy task:withExistingLoan TYPE:GroovyAction@55b7a4e0
Mon May 15 21:26:05 IST 2017 domain:ola user:dummy task:startOLAConversation TYPE:GroovyAction@188715b5
Mon May 15 21:26:08 IST 2017 domain:ola user:dummy task:withExistingLoan TYPE:GroovyAction@55b7a4e0
Mon May 15 21:35:26 IST 2017 domain:ola user:dummy task:startOLAConversation TYPE:GroovyAction@188715b5
Mon May 15 21:35:38 IST 2017 domain:ola user:dummy task:withExistingLoan TYPE:GroovyAction@55b7a4e0
Mon May 15 21:37:10 IST 2017 domain:ola user:dummy task:getFAQ TYPE:GroovyAction@3ce1e309
Mon May 15 21:37:12 IST 2017 domain:ola user:dummy task:withExistingLoan TYPE:GroovyAction@55b7a4e0
Mon May 15 21:44:37 IST 2017 domain:ola user:dummy task:startOLAConversation TYPE:GroovyAction@188715b5
Mon May 15 21:44:41 IST 2017 domain:ola user:dummy task:withExistingLoan TYPE:GroovyAction@55b7a4e0
Mon May 15 21:45:07 IST 2017 domain:ola user:dummy task:getFAQ TYPE:GroovyAction@3ce1e309
Mon May 15 21:45:09 IST 2017 domain:ola user:dummy task:withExistingLoan TYPE:GroovyAction@55b7a4e0
Mon May 15 21:45:53 IST 2017 domain:ola user:dummy task:regularPayer TYPE:GroovyAction@5f9be66c
Mon May 15 21:57:34 IST 2017 domain:trip user:dummy task:getTripInformation TYPE:GroovyAction@3646a422
Mon May 15 22:09:48 IST 2017 domain:trip user:dummy task:getWeatherInformation TYPE:HTTPAction@d86a6f
Mon May 15 22:10:02 IST 2017 domain:trip user:dummy task:getTripInformation TYPE:GroovyAction@3f191845
Mon May 15 22:10:19 IST 2017 domain:ola user:dummy task:startOLAConversation TYPE:GroovyAction@188715b5
Mon May 15 22:10:37 IST 2017 domain:ola user:dummy task:getFAQ TYPE:GroovyAction@71809907
Mon May 15 22:12:47 IST 2017 domain:ola user:dummy task:startOLAConversation TYPE:GroovyAction@188715b5
Mon May 15 22:12:50 IST 2017 domain:ola user:dummy task:withExistingLoan TYPE:GroovyAction@55b7a4e0
Mon May 15 22:12:54 IST 2017 domain:ola user:dummy task:getFAQ TYPE:GroovyAction@3ce1e309
Mon May 15 22:12:55 IST 2017 domain:ola user:dummy task:withExistingLoan TYPE:GroovyAction@55b7a4e0
Mon May 15 22:16:58 IST 2017 domain:ola user:dummy task:startOLAConversation TYPE:GroovyAction@188715b5
Mon May 15 22:17:00 IST 2017 domain:ola user:dummy task:withExistingLoan TYPE:GroovyAction@55b7a4e0
Mon May 15 22:17:06 IST 2017 domain:ola user:dummy task:getFAQ TYPE:GroovyAction@3ce1e309
Mon May 15 22:17:08 IST 2017 domain:ola user:dummy task:withExistingLoan TYPE:GroovyAction@55b7a4e0
Mon May 15 22:17:53 IST 2017 domain:ola user:dummy task:startOLAConversation TYPE:GroovyAction@188715b5
Mon May 15 22:18:02 IST 2017 domain:ola user:dummy task:getFAQ TYPE:GroovyAction@71809907
Mon May 15 22:18:27 IST 2017 domain:ola user:dummy task:checkCIBIL TYPE:GroovyAction@66c61024
Mon May 15 22:19:09 IST 2017 domain:trip user:dummy task:getWeatherInformation TYPE:HTTPAction@5ab956d7
Mon May 15 22:19:14 IST 2017 domain:trip user:dummy task:getTripInformation TYPE:GroovyAction@3f191845
Mon May 15 22:21:45 IST 2017 domain:ola user:dummy task:startOLAConversation TYPE:GroovyAction@188715b5
Mon May 15 22:22:12 IST 2017 domain:ola user:dummy task:getFAQ TYPE:GroovyAction@3ce1e309
Mon May 15 22:22:31 IST 2017 domain:ola user:dummy task:checkCIBIL TYPE:GroovyAction@3abada5a
Mon May 15 22:25:16 IST 2017 domain:ola user:dummy task:startOLAConversation TYPE:GroovyAction@188715b5
Mon May 15 22:25:22 IST 2017 domain:ola user:dummy task:getFAQ TYPE:GroovyAction@71809907
Mon May 15 22:27:33 IST 2017 domain:ola user:dummy task:startOLAConversation TYPE:GroovyAction@188715b5
Mon May 15 22:27:41 IST 2017 domain:ola user:dummy task:getFAQ TYPE:GroovyAction@71809907
Mon May 15 22:37:36 IST 2017 domain:ola user:dummy task:startOLAConversation TYPE:GroovyAction@188715b5
Mon May 15 22:37:42 IST 2017 domain:ola user:dummy task:getFAQ TYPE:GroovyAction@71809907
Mon May 15 22:37:51 IST 2017 domain:ola user:dummy task:rejectLoan TYPE:GroovyAction@141e5bef
Mon May 15 22:38:20 IST 2017 domain:trip user:dummy task:getFAQ TYPE:GroovyAction@485966cc
Mon May 15 22:38:39 IST 2017 domain:trip user:dummy task:getWeatherInformation TYPE:HTTPAction@478ee483
Mon May 15 22:38:46 IST 2017 domain:trip user:dummy task:getTripInformation TYPE:GroovyAction@4c4d27c8
Tue May 16 10:10:04 IST 2017 domain:ola user:dummy task:startOLAConversation TYPE:GroovyAction@188715b5
Tue May 16 10:10:17 IST 2017 domain:ola user:dummy task:getFAQ TYPE:GroovyAction@71809907
Tue May 16 10:11:28 IST 2017 domain:ola user:dummy task:getFAQ TYPE:GroovyAction@71809907
Tue May 16 10:11:59 IST 2017 domain:ola user:dummy task:getFAQ TYPE:GroovyAction@71809907
Tue May 16 10:31:59 IST 2017 domain:ola_demo user:John task:startOLAConversation TYPE:GroovyAction@1f1101d
Tue May 16 10:32:21 IST 2017 domain:ola_demo user:John task:withExistingLoan TYPE:GroovyAction@5f3984c8
Tue May 16 10:32:59 IST 2017 domain:ola_demo user:John task:getFAQ TYPE:GroovyAction@528d4f61
Tue May 16 10:33:35 IST 2017 domain:ola_demo user:John task:getFAQ TYPE:GroovyAction@528d4f61
Tue May 16 10:33:48 IST 2017 domain:ola_demo user:John task:getFAQ TYPE:GroovyAction@528d4f61
Tue May 16 10:33:54 IST 2017 domain:ola_demo user:John task:getFAQ TYPE:GroovyAction@528d4f61
Tue May 16 10:35:28 IST 2017 domain:ola_demo user:John task:costCarQuotation TYPE:GroovyAction@234c7514
Tue May 16 10:37:47 IST 2017 domain:ola_demo user:John task:startOLAConversation TYPE:GroovyAction@1b8ebb8c
Tue May 16 10:37:56 IST 2017 domain:ola_demo user:John task:withExistingLoan TYPE:GroovyAction@7c0f7948
Tue May 16 10:38:13 IST 2017 domain:ola_demo user:John task:getFAQ TYPE:GroovyAction@e629686
Tue May 16 10:38:31 IST 2017 domain:ola_demo user:John task:getFAQ TYPE:GroovyAction@e629686
Tue May 16 10:39:03 IST 2017 domain:ola_demo user:John task:costCarQuotation TYPE:GroovyAction@6b711b36
Tue May 16 10:39:19 IST 2017 domain:ola_demo user:John task:Payinfo TYPE:GroovyAction@3665ed14
Tue May 16 10:39:47 IST 2017 domain:ola_demo user:John task:getLoanDetails TYPE:GroovyAction@69d5d661
Tue May 16 10:40:01 IST 2017 domain:ola_demo user:John task:rentHouse TYPE:GroovyAction@76368aa1
Tue May 16 10:48:30 IST 2017 domain:ola_demo user:John task:startOLAConversation TYPE:GroovyAction@7ac03dc7
Tue May 16 10:48:41 IST 2017 domain:ola_demo user:John task:withExistingLoan TYPE:GroovyAction@2cadec6e
Tue May 16 10:48:55 IST 2017 domain:ola_demo user:John task:getFAQ TYPE:GroovyAction@1ba6b1
Tue May 16 10:49:14 IST 2017 domain:ola_demo user:John task:costCarQuotation TYPE:GroovyAction@2320faa9
Tue May 16 10:49:25 IST 2017 domain:ola_demo user:John task:Payinfo TYPE:GroovyAction@22ffdf9
Tue May 16 10:49:51 IST 2017 domain:ola_demo user:John task:getLoanDetails TYPE:GroovyAction@37170119
Tue May 16 10:50:08 IST 2017 domain:ola_demo user:John task:ownHouse TYPE:GroovyAction@3a81ae0
Tue May 16 10:50:16 IST 2017 domain:ola_demo user:John task:rejectLoan TYPE:GroovyAction@41546bde
Tue May 16 10:55:49 IST 2017 domain:ola user:John task:startOLAConversation TYPE:GroovyAction@4bd8c4b8
Tue May 16 11:11:29 IST 2017 domain:ola user:John task:startOLAConversation TYPE:GroovyAction@2f2f52d5
Tue May 16 11:13:08 IST 2017 domain:ola user:John task:startOLAConversation TYPE:GroovyAction@cf134c1
Tue May 16 11:24:42 IST 2017 domain:ola_demo user:John task:startOLAConversation TYPE:GroovyAction@5a445011
Tue May 16 11:25:08 IST 2017 domain:ola_demo user:John task:withExistingLoan TYPE:GroovyAction@5cd56671
Tue May 16 11:25:24 IST 2017 domain:ola_demo user:John task:getFAQ TYPE:GroovyAction@70de82b0
Tue May 16 11:26:08 IST 2017 domain:ola_demo user:John task:costCarQuotation TYPE:GroovyAction@503cd7a4
Tue May 16 11:26:20 IST 2017 domain:ola_demo user:John task:Payinfo TYPE:GroovyAction@60c1356d
Tue May 16 11:26:43 IST 2017 domain:ola_demo user:John task:getLoanDetails TYPE:GroovyAction@2599a63e
Tue May 16 11:26:51 IST 2017 domain:ola_demo user:John task:rentHouse TYPE:GroovyAction@31dcdbbb
Tue May 16 11:27:11 IST 2017 domain:ola_demo user:John task:getOtherIncome TYPE:GroovyAction@36cadad7
Tue May 16 12:18:58 IST 2017 domain:ola_demo user:John task:startOLAConversation TYPE:GroovyAction@46f9d25c
Tue May 16 12:19:09 IST 2017 domain:ola_demo user:John task:withExistingLoan TYPE:GroovyAction@7a5bddfe
Tue May 16 12:19:16 IST 2017 domain:ola_demo user:John task:cancelTask TYPE:GroovyAction@131c2436
Thu May 18 13:38:16 IST 2017 domain:ola_demo user:John task:startOLAConversation TYPE:GroovyAction@14a68d70
Thu May 18 13:38:42 IST 2017 domain:ola_demo user:John task:costCarQuotation TYPE:GroovyAction@236c5671
Thu May 18 13:45:08 IST 2017 domain:ola_demo user:John task:startOLAConversation TYPE:GroovyAction@521c6356
Thu May 18 13:45:50 IST 2017 domain:ola_demo user:John task:costCarQuotation TYPE:GroovyAction@2eb8de02
Thu May 18 13:47:27 IST 2017 domain:ola_demo user:John task:startOLAConversation TYPE:GroovyAction@567cbad1
Thu May 18 13:47:43 IST 2017 domain:ola_demo user:John task:costCarQuotation TYPE:GroovyAction@57dd00af
Thu May 18 16:02:28 IST 2017 domain:ola_demo user:John task:startOLAConversation TYPE:GroovyAction@41dcb131
Thu May 18 16:02:43 IST 2017 domain:ola_demo user:John task:costCarQuotation TYPE:GroovyAction@24079e88
Thu May 18 16:02:50 IST 2017 domain:ola_demo user:John task:Payinfo TYPE:GroovyAction@34f5b21d
Thu May 18 16:26:02 IST 2017 domain:ola_demo user:John task:startOLAConversation TYPE:GroovyAction@29c007b8
Thu May 18 16:26:15 IST 2017 domain:ola_demo user:John task:costCarQuotation TYPE:GroovyAction@3384a53d
Thu May 18 16:27:35 IST 2017 domain:ola_demo user:John task:startOLAConversation TYPE:GroovyAction@1b0d6847
Thu May 18 16:27:46 IST 2017 domain:ola_demo user:John task:costCarQuotation TYPE:GroovyAction@d3836ed
Thu May 18 17:09:07 IST 2017 domain:ola_demo user:John task:startOLAConversation TYPE:GroovyAction@40189316
Thu May 18 17:09:21 IST 2017 domain:ola_demo user:John task:withExistingLoan TYPE:GroovyAction@f6a91e
Thu May 18 17:09:39 IST 2017 domain:ola_demo user:John task:costCarQuotation TYPE:GroovyAction@359d2f67
Fri May 19 10:45:08 IST 2017 domain:ola_demo user:John task:startOLAConversation TYPE:GroovyAction@45eaed59
Fri May 19 10:45:33 IST 2017 domain:ola_demo user:John task:costCarQuotation TYPE:GroovyAction@59fdec32
Fri May 19 10:45:48 IST 2017 domain:ola_demo user:John task:Payinfo TYPE:GroovyAction@5d240476
Fri May 19 10:46:55 IST 2017 domain:ola_demo user:John task:getFAQ TYPE:GroovyAction@28d4d3d4
Fri May 19 10:49:32 IST 2017 domain:ola_demo user:John task:startOLAConversation TYPE:GroovyAction@45eaed59
Fri May 19 10:49:45 IST 2017 domain:ola_demo user:John task:costCarQuotation TYPE:GroovyAction@59fdec32
Fri May 19 10:50:07 IST 2017 domain:ola_demo user:John task:getFAQ TYPE:GroovyAction@28d4d3d4
Fri May 19 17:50:28 IST 2017 domain:trip user:John task:getTripInformation TYPE:GroovyAction@7e87a012
Fri May 19 17:51:38 IST 2017 domain:trip user:John task:getWeatherInformation TYPE:HTTPAction@175a5a9b
Fri May 19 17:53:12 IST 2017 domain:trip user:John task:getWikipediaCityInfo TYPE:HTTPAction@4464267a
Fri May 19 17:55:20 IST 2017 domain:trip user:John task:getTripInformation TYPE:GroovyAction@258a3bd3
Fri May 19 18:10:27 IST 2017 domain:ola_demo user:John task:getFAQ TYPE:GroovyAction@500ff310
Fri May 19 18:22:00 IST 2017 domain:ola_demo user:John task:startOLAConversation TYPE:GroovyAction@55e2da85
Mon May 22 09:51:58 IST 2017 domain:ola_demo user:John task:startOLAConversation TYPE:GroovyAction@3ba4a192
Thu May 25 17:27:45 IST 2017 domain:ola_demo user:dummy task:startOLAConversation TYPE:GroovyAction@1d59ac5a
Thu May 25 17:28:34 IST 2017 domain:ola_demo user:dummy task:withExistingLoan TYPE:GroovyAction@3bae9c8
Thu May 25 17:29:40 IST 2017 domain:ola_demo user:dummy task:costCarQuotation TYPE:GroovyAction@75cd2402
Thu May 25 17:32:56 IST 2017 domain:ola_demo user:dummy task:Payinfo TYPE:GroovyAction@54eec08c
Thu May 25 17:37:36 IST 2017 domain:ola_demo user:dummy task:startOLAConversation TYPE:GroovyAction@10cbc7e8
Thu May 25 17:38:24 IST 2017 domain:ola_demo user:dummy task:costCarQuotation TYPE:GroovyAction@40b257f4
Thu May 25 17:43:32 IST 2017 domain:ola_demo user:dummy task:startOLAConversation TYPE:GroovyAction@4754b47a
Thu May 25 17:44:13 IST 2017 domain:ola_demo user:dummy task:costCarQuotation TYPE:GroovyAction@13667bfa
Thu May 25 17:47:03 IST 2017 domain:ola_demo user:dummy task:startOLAConversation TYPE:GroovyAction@578c5dc4
Thu May 25 17:47:44 IST 2017 domain:ola_demo user:dummy task:costCarQuotation TYPE:GroovyAction@3a5d09c4
Thu May 25 17:50:52 IST 2017 domain:ola_demo user:dummy task:startOLAConversation TYPE:GroovyAction@436bd77b
Thu May 25 17:55:11 IST 2017 domain:ola_demo user:dummy task:startOLAConversation TYPE:GroovyAction@4754b47a
Thu May 25 17:55:46 IST 2017 domain:ola_demo user:dummy task:costCarQuotation TYPE:GroovyAction@53acc6c9
Thu May 25 17:57:11 IST 2017 domain:ola_demo user:dummy task:startOLAConversation TYPE:GroovyAction@33075d45
Thu May 25 17:57:38 IST 2017 domain:ola_demo user:dummy task:costCarQuotation TYPE:GroovyAction@47b82cd9
Thu May 25 17:58:05 IST 2017 domain:ola_demo user:dummy task:Payinfo TYPE:GroovyAction@2671357d
Thu May 25 18:01:08 IST 2017 domain:ola_demo user:dummy task:rejectLoan TYPE:GroovyAction@53f3df27
Thu May 25 18:01:35 IST 2017 domain:ola_demo user:dummy task:startOLAConversation TYPE:GroovyAction@33075d45
Thu May 25 18:02:00 IST 2017 domain:ola_demo user:dummy task:costCarQuotation TYPE:GroovyAction@47b82cd9
Fri May 26 10:38:09 IST 2017 domain:ola_demo user:dummy task:getFAQ TYPE:GroovyAction@36f1fe1c
Fri May 26 10:38:40 IST 2017 domain:ola_demo user:dummy task:startOLAConversation TYPE:GroovyAction@1dc28895
Fri May 26 10:39:12 IST 2017 domain:ola_demo user:dummy task:costCarQuotation TYPE:GroovyAction@317d579b
Fri May 26 11:33:25 IST 2017 domain:ola_demo user: task:startOLAConversation TYPE:GroovyAction@50eac852
Fri May 26 12:01:38 IST 2017 domain:ola_demo user:dummy task:startOLAConversation TYPE:GroovyAction@4185c9d4
Fri May 26 12:02:11 IST 2017 domain:ola_demo user:dummy task:costCarQuotation TYPE:GroovyAction@372036d1
Fri May 26 12:07:27 IST 2017 domain:ola_demo user:dummy task:getFAQ TYPE:GroovyAction@ffdcae7
Fri May 26 12:08:41 IST 2017 domain:ola_demo user:dummy task:startOLAConversation TYPE:GroovyAction@110ac92e
Fri May 26 12:09:52 IST 2017 domain:ola_demo user:dummy task:costCarQuotation TYPE:GroovyAction@6aecdab1
Fri May 26 14:56:49 IST 2017 domain:ola_demo user:dummy task:startOLAConversation TYPE:GroovyAction@76e285a9
Fri May 26 15:00:13 IST 2017 domain:ola_demo user:dummy task:costCarQuotation TYPE:GroovyAction@2d8dde21
Fri May 26 15:01:12 IST 2017 domain:ola_demo user:dummy task:Payinfo TYPE:GroovyAction@4ec2ebfd
Fri May 26 15:02:49 IST 2017 domain:ola_demo user:dummy task:getLoanDetails TYPE:GroovyAction@4f571765
Fri May 26 15:03:26 IST 2017 domain:ola_demo user:dummy task:ownHouse TYPE:GroovyAction@ac554be
Fri May 26 15:04:09 IST 2017 domain:ola_demo user:dummy task:getOtherIncome TYPE:GroovyAction@52223fe3
Fri May 26 15:06:45 IST 2017 domain:ola_demo user:dummy task:getFAQ TYPE:GroovyAction@500ff310
Fri May 26 15:07:11 IST 2017 domain:ola_demo user:dummy task:startOLAConversation TYPE:GroovyAction@24ea8097
Fri May 26 15:08:08 IST 2017 domain:ola_demo user:dummy task:costCarQuotation TYPE:GroovyAction@73a75f36
Fri May 26 15:08:28 IST 2017 domain:ola_demo user:dummy task:Payinfo TYPE:GroovyAction@76e285a9
Fri May 26 15:09:08 IST 2017 domain:ola_demo user:dummy task:getLoanDetails TYPE:GroovyAction@705c530
Fri May 26 15:09:25 IST 2017 domain:ola_demo user:dummy task:ownHouse TYPE:GroovyAction@476da954
Fri May 26 15:09:56 IST 2017 domain:ola_demo user:dummy task:getOtherIncome TYPE:GroovyAction@3afe300f
Fri May 26 17:27:41 IST 2017 domain:ola_demo user:dummy task:getFAQ TYPE:GroovyAction@2aa01283
Fri May 26 17:27:55 IST 2017 domain:ola_demo user:dummy task:startOLAConversation TYPE:GroovyAction@3e4e4c99
Fri May 26 17:28:18 IST 2017 domain:ola_demo user:dummy task:costCarQuotation TYPE:GroovyAction@13dd5369
Fri May 26 17:28:32 IST 2017 domain:ola_demo user:dummy task:Payinfo TYPE:GroovyAction@7a84d1e3
Fri May 26 17:29:21 IST 2017 domain:ola_demo user:dummy task:getLoanDetails TYPE:GroovyAction@119b4054
Fri May 26 17:29:41 IST 2017 domain:ola_demo user:dummy task:ownHouse TYPE:GroovyAction@4640209d
Fri May 26 17:30:01 IST 2017 domain:ola_demo user:dummy task:getOtherIncome TYPE:GroovyAction@385a52eb
Fri May 26 18:03:18 IST 2017 domain:ola_demo user:dummy task:startOLAConversation TYPE:GroovyAction@3e4e4c99
