Fri Sep 01 10:25:47 IST 2017 domain:faq user:John task:getFAQ TYPE:GroovyAction@26a81dc
Fri Sep 01 10:27:10 IST 2017 domain:faq user:John task:getFAQ TYPE:GroovyAction@26a81dc
Fri Sep 01 10:28:13 IST 2017 domain:faq user:John task:getFAQ TYPE:GroovyAction@26a81dc
Fri Sep 01 10:28:56 IST 2017 domain:faq user:John task:getFAQ TYPE:GroovyAction@7351d382
Fri Sep 01 10:29:09 IST 2017 domain:faq user:John task:getFAQ TYPE:GroovyAction@7351d382
Fri Sep 01 10:29:44 IST 2017 domain:faq user:John task:getFAQ TYPE:GroovyAction@7351d382
Fri Sep 01 10:30:06 IST 2017 domain:faq user:John task:getFAQ TYPE:GroovyAction@7351d382
Fri Sep 01 10:34:12 IST 2017 domain:faq user:John task:getFAQ TYPE:GroovyAction@7f55e244
Fri Sep 01 10:35:48 IST 2017 domain:faq user:John task:getFAQ TYPE:GroovyAction@23483210
Fri Sep 01 10:36:28 IST 2017 domain:faq user:John task:getFAQ TYPE:GroovyAction@23483210
Fri Sep 01 10:38:36 IST 2017 domain:faq user:John task:getFAQ TYPE:GroovyAction@23483210
Fri Sep 01 10:38:50 IST 2017 domain:faq user:John task:getFAQ TYPE:GroovyAction@23483210
Fri Sep 01 10:44:28 IST 2017 domain:faq user:John task:getFAQ TYPE:GroovyAction@23483210
Fri Sep 01 11:00:42 IST 2017 domain:faq user:John task:getFAQ TYPE:GroovyAction@2af07b7c
Fri Sep 01 11:01:00 IST 2017 domain:faq user:John task:getFAQ TYPE:GroovyAction@2af07b7c
Fri Sep 01 11:03:12 IST 2017 domain:faq user:John task:getFAQ TYPE:GroovyAction@619ef014
Fri Sep 01 11:03:24 IST 2017 domain:faq user:John task:getFAQ TYPE:GroovyAction@619ef014
Fri Sep 01 11:03:33 IST 2017 domain:faq user:John task:getFAQ TYPE:GroovyAction@619ef014
Fri Sep 01 11:06:55 IST 2017 domain:faq user:John task:getFAQ TYPE:GroovyAction@619ef014
Fri Sep 01 11:07:19 IST 2017 domain:faq user:John task:getFAQ TYPE:GroovyAction@619ef014
Fri Sep 01 11:09:17 IST 2017 domain:faq user:John task:getFAQ TYPE:GroovyAction@1e9de44
Fri Sep 01 11:09:22 IST 2017 domain:faq user:John task:getFAQ TYPE:GroovyAction@1e9de44
Fri Sep 01 11:09:38 IST 2017 domain:faq user:John task:getFAQ TYPE:GroovyAction@1e9de44
Fri Sep 01 11:13:28 IST 2017 domain:faq user:John task:getFAQ TYPE:GroovyAction@7c748c72
Fri Sep 01 11:13:42 IST 2017 domain:faq user:John task:getFAQ TYPE:GroovyAction@7c748c72
Fri Sep 01 11:16:44 IST 2017 domain:faq user:John task:getFAQ TYPE:GroovyAction@239fb474
Fri Sep 01 11:16:57 IST 2017 domain:faq user:John task:getFAQ TYPE:GroovyAction@239fb474
Fri Sep 01 11:17:14 IST 2017 domain:faq user:John task:getFAQ TYPE:GroovyAction@239fb474
Fri Sep 01 11:21:45 IST 2017 domain:faq user:John task:getFAQ TYPE:GroovyAction@9a51df1
Fri Sep 01 11:23:03 IST 2017 domain:faq user:John task:getFAQ TYPE:GroovyAction@97334cd
Fri Sep 01 11:23:18 IST 2017 domain:faq user:John task:getFAQ TYPE:GroovyAction@97334cd
Fri Sep 01 11:23:32 IST 2017 domain:faq user:John task:getFAQ TYPE:GroovyAction@97334cd
Fri Sep 01 11:36:07 IST 2017 domain:faq user:John task:getFAQ TYPE:GroovyAction@74a01a42
Fri Sep 01 11:36:15 IST 2017 domain:faq user:John task:getFAQ TYPE:GroovyAction@74a01a42
Fri Sep 01 11:46:18 IST 2017 domain:faq user:John task:getFAQ TYPE:GroovyAction@11985da8
Fri Sep 01 11:47:44 IST 2017 domain:faq user:John task:getFAQ TYPE:GroovyAction@241a6413
Fri Sep 01 11:48:14 IST 2017 domain:faq user:John task:getFAQ TYPE:GroovyAction@241a6413
Fri Sep 01 12:25:38 IST 2017 domain:faq user:John task:getFAQ TYPE:GroovyAction@241a6413
Fri Sep 01 14:30:52 IST 2017 domain:faq user:John task:getFAQ TYPE:GroovyAction@26fb1c91
Fri Sep 01 14:40:45 IST 2017 domain:faq user:John task:getFAQ TYPE:GroovyAction@168a65bb
Fri Sep 01 14:56:22 IST 2017 domain:faq user:John task:getFAQ TYPE:GroovyAction@168a65bb
Fri Sep 01 14:56:42 IST 2017 domain:faq user:John task:getFAQ TYPE:GroovyAction@168a65bb
Fri Sep 01 15:18:28 IST 2017 domain:faq user:John task:getFAQ TYPE:GroovyAction@7f685e19
Fri Sep 01 15:42:11 IST 2017 domain:faq user:John task:getFAQ TYPE:GroovyAction@7f685e19
Fri Sep 01 15:42:33 IST 2017 domain:faq user:John task:getFAQ TYPE:GroovyAction@7f685e19
Fri Sep 01 15:45:27 IST 2017 domain:faq user:John task:getFAQ TYPE:GroovyAction@16d58c9e
Fri Sep 01 15:46:22 IST 2017 domain:faq user:John task:getFAQ TYPE:GroovyAction@16d58c9e
Fri Sep 01 15:47:27 IST 2017 domain:faq user:John task:getFAQ TYPE:GroovyAction@12909ca4
Wed Sep 06 11:53:01 IST 2017 domain:faq user:John task:getFAQ TYPE:GroovyAction@12909ca4
Wed Sep 06 13:39:02 IST 2017 domain:faq user:John task:getFAQ TYPE:GroovyAction@799ecaf5
Wed Sep 06 13:41:17 IST 2017 domain:faq user:John task:getFAQ TYPE:GroovyAction@799ecaf5
Wed Sep 06 13:42:03 IST 2017 domain:faq user:John task:getFAQ TYPE:GroovyAction@799ecaf5
Wed Sep 06 13:52:35 IST 2017 domain:faq user:John task:getFAQ TYPE:GroovyAction@a0080ed
Wed Sep 06 13:53:00 IST 2017 domain:faq user:John task:getFAQ TYPE:GroovyAction@a0080ed
Wed Sep 06 16:57:43 IST 2017 domain:faq user:John task:getFAQ TYPE:GroovyAction@301222e
Thu Sep 07 15:08:33 IST 2017 domain:faq user:John task:getFAQ TYPE:GroovyAction@36f1fe1c
Thu Sep 07 15:15:21 IST 2017 domain:faq user:John task:getFAQ TYPE:GroovyAction@235b04ec
Thu Sep 07 15:16:17 IST 2017 domain:faq user:John task:getFAQ TYPE:GroovyAction@49c413d2
Thu Sep 07 15:44:20 IST 2017 domain:faq user:John task:getFAQ TYPE:GroovyAction@599d9cb8
Thu Sep 07 15:45:35 IST 2017 domain:faq user:John task:getFAQ TYPE:GroovyAction@6fdd69cc
Thu Sep 07 15:45:54 IST 2017 domain:faq user:John task:getFAQ TYPE:GroovyAction@770f4029
Thu Sep 07 15:47:07 IST 2017 domain:faq user:John task:getFAQ TYPE:GroovyAction@48982188
Thu Sep 07 15:47:24 IST 2017 domain:faq user:John task:getFAQ TYPE:GroovyAction@4a3aba01
Thu Sep 07 15:48:30 IST 2017 domain:faq user:John task:getFAQ TYPE:GroovyAction@631170ce
Thu Sep 07 15:48:53 IST 2017 domain:faq user:John task:getFAQ TYPE:GroovyAction@631170ce
Thu Sep 07 15:49:08 IST 2017 domain:faq user:John task:getFAQ TYPE:GroovyAction@40ce6ce3
Thu Sep 07 15:49:29 IST 2017 domain:faq user:John task:getFAQ TYPE:GroovyAction@33f46758
Thu Sep 07 15:49:58 IST 2017 domain:faq user:John task:getFAQ TYPE:GroovyAction@631170ce
Thu Sep 07 15:51:00 IST 2017 domain:faq user:John task:getFAQ TYPE:GroovyAction@68aec6c3
Thu Sep 07 15:51:33 IST 2017 domain:faq user:John task:getFAQ TYPE:GroovyAction@19fafed2
Thu Sep 07 15:52:17 IST 2017 domain:faq user:John task:getFAQ TYPE:GroovyAction@19fafed2
Thu Sep 07 15:52:49 IST 2017 domain:faq user:John task:getFAQ TYPE:GroovyAction@19fafed2
Thu Sep 07 15:54:00 IST 2017 domain:faq user:John task:getFAQ TYPE:GroovyAction@19fafed2
Thu Sep 07 15:54:16 IST 2017 domain:faq user:John task:getFAQ TYPE:GroovyAction@19fafed2
Thu Sep 07 15:55:56 IST 2017 domain:faq user:John task:getFAQ TYPE:GroovyAction@19fafed2
Fri Sep 08 12:14:48 IST 2017 domain:faq user:John task:getFAQ TYPE:GroovyAction@49b957e8
Fri Sep 08 12:15:49 IST 2017 domain:faq user:John task:getFAQ TYPE:GroovyAction@49b957e8
Fri Sep 08 12:16:07 IST 2017 domain:faq user:John task:getFAQ TYPE:GroovyAction@49b957e8
Fri Sep 08 12:16:27 IST 2017 domain:faq user:John task:getFAQ TYPE:GroovyAction@9ec24e7
Fri Sep 08 12:16:45 IST 2017 domain:faq user:John task:getFAQ TYPE:GroovyAction@49b957e8
Fri Sep 08 12:17:23 IST 2017 domain:faq user:John task:getFAQ TYPE:GroovyAction@9ec24e7
Fri Sep 08 12:17:32 IST 2017 domain:faq user:John task:getFAQ TYPE:GroovyAction@49b957e8
Fri Sep 08 12:17:47 IST 2017 domain:faq user:John task:getFAQ TYPE:GroovyAction@9ec24e7
Fri Sep 08 12:21:38 IST 2017 domain:faq user:John task:getFAQ TYPE:GroovyAction@4550a4c5
Fri Sep 08 12:22:21 IST 2017 domain:faq user:John task:getFAQ TYPE:GroovyAction@4550a4c5
Fri Sep 08 12:25:25 IST 2017 domain:faq user:John task:getFAQ TYPE:GroovyAction@4550a4c5
Fri Sep 08 12:27:16 IST 2017 domain:faq user:John task:getFAQ TYPE:GroovyAction@4550a4c5
Fri Sep 08 12:30:20 IST 2017 domain:faq user:John task:getFAQ TYPE:GroovyAction@4550a4c5
Fri Sep 08 12:32:34 IST 2017 domain:faq user:John task:getFAQ TYPE:GroovyAction@4550a4c5
Fri Sep 08 13:07:37 IST 2017 domain:faq user:John task:getFAQ TYPE:GroovyAction@2cffd18a
Fri Sep 08 13:07:55 IST 2017 domain:faq user:John task:getFAQ TYPE:GroovyAction@2cffd18a
Fri Sep 08 13:08:02 IST 2017 domain:faq user:John task:getFAQ TYPE:GroovyAction@2cffd18a
Fri Sep 08 13:09:00 IST 2017 domain:faq user:John task:getFAQ TYPE:GroovyAction@98973f4
Fri Sep 08 13:09:19 IST 2017 domain:faq user:John task:getFAQ TYPE:GroovyAction@98973f4
Fri Sep 08 13:10:08 IST 2017 domain:faq user:John task:getFAQ TYPE:GroovyAction@98973f4
Fri Sep 08 13:15:02 IST 2017 domain:faq user:John task:getFAQ TYPE:GroovyAction@4516fc1c
Fri Sep 08 13:16:32 IST 2017 domain:faq user:John task:getFAQ TYPE:GroovyAction@4516fc1c
Fri Sep 08 13:17:40 IST 2017 domain:faq user:John task:getFAQ TYPE:GroovyAction@4516fc1c
Fri Sep 08 13:18:31 IST 2017 domain:faq user:John task:getFAQ TYPE:GroovyAction@4516fc1c
Fri Sep 08 13:19:28 IST 2017 domain:faq user:John task:getFAQ TYPE:GroovyAction@52a691b8
Fri Sep 08 13:23:34 IST 2017 domain:faq user:John task:getFAQ TYPE:GroovyAction@35fc3d
Fri Sep 08 13:43:16 IST 2017 domain:faq user:John task:getFAQ TYPE:GroovyAction@52a691b8
Fri Sep 08 13:43:44 IST 2017 domain:faq user:John task:getFAQ TYPE:GroovyAction@52a691b8
Fri Sep 08 13:51:39 IST 2017 domain:faq user:John task:getFAQ TYPE:GroovyAction@35fc3d
Fri Sep 08 13:52:56 IST 2017 domain:faq user:John task:getFAQ TYPE:GroovyAction@35fc3d
Fri Sep 08 14:03:28 IST 2017 domain:faq user:John task:getFAQ TYPE:GroovyAction@35fc3d
Fri Sep 08 14:08:39 IST 2017 domain:faq user:John task:getFAQ TYPE:GroovyAction@35fc3d
Wed Sep 13 11:58:18 IST 2017 domain:faq user:John task:getFAQ TYPE:GroovyAction@2f9fba83
Wed Sep 13 12:00:03 IST 2017 domain:faq user:John task:getFAQ TYPE:GroovyAction@33d2e73d
Wed Sep 13 12:04:03 IST 2017 domain:faq user:John task:getFAQ TYPE:GroovyAction@33d2e73d
Wed Sep 13 12:04:34 IST 2017 domain:faq user:John task:getFAQ TYPE:GroovyAction@33d2e73d
Wed Sep 13 12:06:00 IST 2017 domain:faq user:John task:getFAQ TYPE:GroovyAction@33d2e73d
Wed Sep 13 12:08:42 IST 2017 domain:faq user:John task:getFAQ TYPE:GroovyAction@33d2e73d
Wed Sep 13 12:11:49 IST 2017 domain:faq user:John task:getFAQ TYPE:GroovyAction@33d2e73d
Wed Sep 13 12:15:17 IST 2017 domain:faq user:John task:getFAQ TYPE:GroovyAction@33d2e73d
Wed Sep 13 14:59:46 IST 2017 domain:faq user:John task:getFAQ TYPE:GroovyAction@33d2e73d
Thu Sep 14 11:27:19 IST 2017 domain:faq user:John task:getFAQ TYPE:GroovyAction@715b58fe
Thu Sep 14 11:27:32 IST 2017 domain:faq user:John task:getFAQ TYPE:GroovyAction@715b58fe
Thu Sep 14 15:47:04 IST 2017 domain:faq user:John task:getFAQ TYPE:GroovyAction@715b58fe
Thu Sep 14 15:49:35 IST 2017 domain:faq user:John task:getFAQ TYPE:GroovyAction@715b58fe
Thu Sep 14 15:50:17 IST 2017 domain:faq user:John task:getFAQ TYPE:GroovyAction@715b58fe
Thu Sep 14 15:50:40 IST 2017 domain:faq user:John task:getFAQ TYPE:GroovyAction@43fd733f
Thu Sep 14 15:51:15 IST 2017 domain:faq user:John task:getFAQ TYPE:GroovyAction@43fd733f
Thu Sep 14 15:52:37 IST 2017 domain:faq user:John task:getFAQ TYPE:GroovyAction@715b58fe
Thu Sep 14 15:53:11 IST 2017 domain:faq user:John task:getFAQ TYPE:GroovyAction@43fd733f
Thu Sep 14 15:53:13 IST 2017 domain:faq user:John task:getFAQ TYPE:GroovyAction@715b58fe
Thu Sep 14 15:58:06 IST 2017 domain:faq user:John task:getFAQ TYPE:GroovyAction@43fd733f
Thu Sep 14 15:58:38 IST 2017 domain:faq user:John task:getFAQ TYPE:GroovyAction@715b58fe
Thu Sep 14 15:59:07 IST 2017 domain:faq user:John task:getFAQ TYPE:GroovyAction@43fd733f
Thu Sep 14 16:01:00 IST 2017 domain:faq user:John task:getFAQ TYPE:GroovyAction@43fd733f
Thu Sep 14 16:01:33 IST 2017 domain:faq user:John task:getFAQ TYPE:GroovyAction@715b58fe
Thu Sep 14 16:08:30 IST 2017 domain:faq user:John task:getFAQ TYPE:GroovyAction@715b58fe
Thu Sep 14 16:11:03 IST 2017 domain:faq user:John task:getFAQ TYPE:GroovyAction@715b58fe
Thu Sep 14 16:11:26 IST 2017 domain:faq user:John task:getFAQ TYPE:GroovyAction@715b58fe
Thu Sep 14 17:20:06 IST 2017 domain:faq user:John task:getFAQ TYPE:GroovyAction@715b58fe
Thu Sep 14 17:51:19 IST 2017 domain:faq user:John task:getFAQ TYPE:GroovyAction@715b58fe
Thu Sep 14 17:51:42 IST 2017 domain:faq user:John task:getFAQ TYPE:GroovyAction@715b58fe
Thu Sep 14 17:51:56 IST 2017 domain:faq user:John task:getFAQ TYPE:GroovyAction@715b58fe
Thu Sep 14 17:52:18 IST 2017 domain:faq user:John task:getFAQ TYPE:GroovyAction@715b58fe
Thu Sep 14 17:53:26 IST 2017 domain:faq user:John task:getFAQ TYPE:GroovyAction@715b58fe
Thu Sep 14 17:55:34 IST 2017 domain:faq user:John task:getFAQ TYPE:GroovyAction@715b58fe
Thu Sep 14 18:30:27 IST 2017 domain:faq user:John task:getFAQ TYPE:GroovyAction@715b58fe
Thu Sep 14 18:32:02 IST 2017 domain:faq user:John task:getFAQ TYPE:GroovyAction@715b58fe
Thu Sep 14 18:33:37 IST 2017 domain:faq user:John task:getFAQ TYPE:GroovyAction@715b58fe
Thu Sep 14 18:34:47 IST 2017 domain:faq user:John task:getFAQ TYPE:GroovyAction@715b58fe
Thu Sep 14 18:36:37 IST 2017 domain:faq user:John task:getFAQ TYPE:GroovyAction@715b58fe
Thu Sep 14 18:37:03 IST 2017 domain:faq user:John task:getFAQ TYPE:GroovyAction@715b58fe
Thu Sep 14 18:37:34 IST 2017 domain:faq user:John task:getFAQ TYPE:GroovyAction@715b58fe
Fri Sep 15 16:34:44 IST 2017 domain:faq user:John task:getFAQ TYPE:GroovyAction@715b58fe
Mon Sep 18 11:24:56 IST 2017 domain:faq user:John task:getFAQ TYPE:GroovyAction@46108df0
Mon Sep 18 11:25:05 IST 2017 domain:faq user:John task:getFAQ TYPE:GroovyAction@46108df0
Mon Sep 18 11:25:42 IST 2017 domain:faq user:John task:getFAQ TYPE:GroovyAction@46108df0
Mon Sep 18 11:26:15 IST 2017 domain:faq user:John task:getFAQ TYPE:GroovyAction@46108df0
Mon Sep 18 11:26:51 IST 2017 domain:faq user:John task:getFAQ TYPE:GroovyAction@59da37ed
Mon Sep 18 11:27:57 IST 2017 domain:faq user:John task:getFAQ TYPE:GroovyAction@46108df0
Mon Sep 18 12:53:49 IST 2017 domain:faq user:John task:getFAQ TYPE:GroovyAction@39bcd07b
Mon Sep 18 12:56:54 IST 2017 domain:faq user:John task:getFAQ TYPE:GroovyAction@39bcd07b
Mon Sep 18 12:59:21 IST 2017 domain:faq user:John task:getFAQ TYPE:GroovyAction@39bcd07b
Mon Sep 18 13:00:11 IST 2017 domain:faq user:John task:getFAQ TYPE:GroovyAction@39bcd07b
Mon Sep 18 13:11:04 IST 2017 domain:faq user:John task:getFAQ TYPE:GroovyAction@4814fe16
Mon Sep 18 13:13:44 IST 2017 domain:faq user:John task:getFAQ TYPE:GroovyAction@4814fe16
Mon Sep 18 13:14:09 IST 2017 domain:faq user:John task:getFAQ TYPE:GroovyAction@4814fe16
Mon Sep 18 13:15:49 IST 2017 domain:faq user:John task:getFAQ TYPE:GroovyAction@4814fe16
Mon Sep 18 13:18:23 IST 2017 domain:faq user:John task:getFAQ TYPE:GroovyAction@4814fe16
Mon Sep 18 13:20:20 IST 2017 domain:faq user:John task:getFAQ TYPE:GroovyAction@2d02871
Mon Sep 18 13:21:45 IST 2017 domain:faq user:John task:getFAQ TYPE:GroovyAction@2d02871
Mon Sep 18 13:23:02 IST 2017 domain:faq user:John task:getFAQ TYPE:GroovyAction@2d02871
Mon Sep 18 13:24:09 IST 2017 domain:faq user:John task:getFAQ TYPE:GroovyAction@2d02871
Mon Sep 18 13:26:25 IST 2017 domain:faq user:John task:getFAQ TYPE:GroovyAction@2d02871
Mon Sep 18 13:26:37 IST 2017 domain:faq user:John task:getFAQ TYPE:GroovyAction@2d02871
Mon Sep 18 13:47:42 IST 2017 domain:faq user:John task:getFAQ TYPE:GroovyAction@39bcd07b
Mon Sep 18 14:11:43 IST 2017 domain:faq user:John task:getFAQ TYPE:GroovyAction@39bcd07b
Mon Sep 18 14:54:00 IST 2017 domain:faq user:John task:getFAQ TYPE:GroovyAction@39bcd07b
Mon Sep 18 14:55:07 IST 2017 domain:faq user:John task:getFAQ TYPE:GroovyAction@39bcd07b
Mon Sep 18 14:58:17 IST 2017 domain:faq user:John task:getFAQ TYPE:GroovyAction@39bcd07b
Mon Sep 18 14:59:24 IST 2017 domain:faq user:John task:getFAQ TYPE:GroovyAction@39bcd07b
Mon Sep 18 14:59:43 IST 2017 domain:faq user:John task:getFAQ TYPE:GroovyAction@39bcd07b
Mon Sep 18 15:00:11 IST 2017 domain:faq user:John task:getFAQ TYPE:GroovyAction@39bcd07b
Mon Sep 18 15:02:34 IST 2017 domain:faq user:John task:getFAQ TYPE:GroovyAction@39bcd07b
Mon Sep 18 15:07:12 IST 2017 domain:faq user:John task:getFAQ TYPE:GroovyAction@39bcd07b
Mon Sep 18 15:07:38 IST 2017 domain:faq user:John task:getFAQ TYPE:GroovyAction@39bcd07b
Mon Sep 18 15:13:03 IST 2017 domain:faq user:John task:getFAQ TYPE:GroovyAction@39bcd07b
Mon Sep 18 15:15:11 IST 2017 domain:faq user:John task:getFAQ TYPE:GroovyAction@39bcd07b
Mon Sep 18 15:18:18 IST 2017 domain:faq user:John task:getFAQ TYPE:GroovyAction@39bcd07b
Mon Sep 18 15:22:17 IST 2017 domain:faq user:John task:getFAQ TYPE:GroovyAction@39bcd07b
Mon Sep 18 15:43:08 IST 2017 domain:faq user:John task:getFAQ TYPE:GroovyAction@15791070
Mon Sep 18 15:43:41 IST 2017 domain:faq user:John task:getFAQ TYPE:GroovyAction@6423f76f
Mon Sep 18 16:06:56 IST 2017 domain:faq user:John task:getFAQ TYPE:GroovyAction@1c3a6994
Mon Sep 18 16:12:08 IST 2017 domain:faq user:John task:getFAQ TYPE:GroovyAction@1c3a6994
Mon Sep 18 16:36:10 IST 2017 domain:faq user:John task:getFAQ TYPE:GroovyAction@20f637a1
Mon Sep 18 16:37:12 IST 2017 domain:faq user:John task:getFAQ TYPE:GroovyAction@20f637a1
Mon Sep 18 16:38:38 IST 2017 domain:faq user:John task:getFAQ TYPE:GroovyAction@20f637a1
Mon Sep 18 16:39:36 IST 2017 domain:faq user:John task:getFAQ TYPE:GroovyAction@20f637a1
Mon Sep 18 16:40:48 IST 2017 domain:faq user:John task:getFAQ TYPE:GroovyAction@20f637a1
Mon Sep 18 16:41:31 IST 2017 domain:faq user:John task:getFAQ TYPE:GroovyAction@20f637a1
Mon Sep 18 16:42:09 IST 2017 domain:faq user:John task:getFAQ TYPE:GroovyAction@20f637a1
Mon Sep 18 16:46:20 IST 2017 domain:faq user:John task:getFAQ TYPE:GroovyAction@20f637a1
Mon Sep 18 16:47:28 IST 2017 domain:faq user:John task:getFAQ TYPE:GroovyAction@20f637a1
Mon Sep 18 16:47:59 IST 2017 domain:faq user:John task:getFAQ TYPE:GroovyAction@20f637a1
Mon Sep 18 16:48:53 IST 2017 domain:faq user:John task:getFAQ TYPE:GroovyAction@20f637a1
Mon Sep 18 16:49:56 IST 2017 domain:faq user:John task:getFAQ TYPE:GroovyAction@20f637a1
Mon Sep 18 16:55:30 IST 2017 domain:faq user:John task:getFAQ TYPE:GroovyAction@20f637a1
Mon Sep 18 16:57:09 IST 2017 domain:faq user:John task:getFAQ TYPE:GroovyAction@20f637a1
Mon Sep 18 16:59:00 IST 2017 domain:faq user:John task:getFAQ TYPE:GroovyAction@20f637a1
Mon Sep 18 16:59:53 IST 2017 domain:faq user:John task:getFAQ TYPE:GroovyAction@20f637a1
Mon Sep 18 17:00:35 IST 2017 domain:faq user:John task:getFAQ TYPE:GroovyAction@20f637a1
Mon Sep 18 17:01:16 IST 2017 domain:faq user:John task:getFAQ TYPE:GroovyAction@20f637a1
Mon Sep 18 17:04:09 IST 2017 domain:faq user:John task:getFAQ TYPE:GroovyAction@20f637a1
Mon Sep 18 17:06:06 IST 2017 domain:faq user:John task:getFAQ TYPE:GroovyAction@20f637a1
Mon Sep 18 17:09:06 IST 2017 domain:faq user:John task:getFAQ TYPE:GroovyAction@20f637a1
Mon Sep 18 17:10:16 IST 2017 domain:faq user:John task:getFAQ TYPE:GroovyAction@20f637a1
Mon Sep 18 17:41:33 IST 2017 domain:faq user:John task:getFAQ TYPE:GroovyAction@20f637a1
Mon Sep 18 17:42:41 IST 2017 domain:faq user:John task:getFAQ TYPE:GroovyAction@20f637a1
Mon Sep 18 17:43:01 IST 2017 domain:faq user:John task:getFAQ TYPE:GroovyAction@20f637a1
Mon Sep 18 17:44:44 IST 2017 domain:faq user:John task:getFAQ TYPE:GroovyAction@20f637a1
Mon Sep 18 17:47:15 IST 2017 domain:faq user:John task:getFAQ TYPE:GroovyAction@20f637a1
Mon Sep 18 17:48:30 IST 2017 domain:faq user:John task:getFAQ TYPE:GroovyAction@20f637a1
Mon Sep 18 17:49:58 IST 2017 domain:faq user:John task:getFAQ TYPE:GroovyAction@20f637a1
Mon Sep 18 17:52:00 IST 2017 domain:faq user:John task:getFAQ TYPE:GroovyAction@20f637a1
Mon Sep 18 17:53:20 IST 2017 domain:faq user:John task:getFAQ TYPE:GroovyAction@20f637a1
Mon Sep 18 17:57:12 IST 2017 domain:faq user:John task:getFAQ TYPE:GroovyAction@20f637a1
Mon Sep 18 19:49:39 IST 2017 domain:faq user:John task:getFAQ TYPE:GroovyAction@20f637a1
Mon Sep 18 19:50:07 IST 2017 domain:faq user:John task:getFAQ TYPE:GroovyAction@20f637a1
Mon Sep 18 19:50:54 IST 2017 domain:faq user:John task:getFAQ TYPE:GroovyAction@20f637a1
Mon Sep 18 19:51:46 IST 2017 domain:faq user:John task:getFAQ TYPE:GroovyAction@20f637a1
Mon Sep 18 19:52:13 IST 2017 domain:faq user:John task:getFAQ TYPE:GroovyAction@20f637a1
Mon Sep 18 19:53:52 IST 2017 domain:faq user:John task:getFAQ TYPE:GroovyAction@20f637a1
Mon Sep 18 20:00:18 IST 2017 domain:faq user:John task:getFAQ TYPE:GroovyAction@20f637a1
Mon Sep 18 20:15:49 IST 2017 domain:faq user:John task:getFAQ TYPE:GroovyAction@20f637a1
Mon Sep 18 20:17:38 IST 2017 domain:faq user:John task:getFAQ TYPE:GroovyAction@20f637a1
Mon Sep 18 20:27:53 IST 2017 domain:faq user:John task:getFAQ TYPE:GroovyAction@20f637a1
Mon Sep 18 20:37:47 IST 2017 domain:faq user:John task:getFAQ TYPE:GroovyAction@20f637a1
Mon Sep 18 20:43:33 IST 2017 domain:faq user:John task:getFAQ TYPE:GroovyAction@20f637a1
Mon Sep 18 20:43:55 IST 2017 domain:faq user:John task:getFAQ TYPE:GroovyAction@20f637a1
Mon Sep 18 20:50:14 IST 2017 domain:faq user:John task:getFAQ TYPE:GroovyAction@20f637a1
Mon Sep 18 20:50:32 IST 2017 domain:faq user:John task:getFAQ TYPE:GroovyAction@20f637a1
Mon Sep 18 20:52:00 IST 2017 domain:faq user:John task:getFAQ TYPE:GroovyAction@20f637a1
Mon Sep 18 20:52:34 IST 2017 domain:faq user:John task:getFAQ TYPE:GroovyAction@20f637a1
Mon Sep 18 20:55:41 IST 2017 domain:faq user:John task:getFAQ TYPE:GroovyAction@20f637a1
Mon Sep 18 20:56:09 IST 2017 domain:faq user:John task:getFAQ TYPE:GroovyAction@20f637a1
Mon Sep 18 21:00:19 IST 2017 domain:faq user:John task:getFAQ TYPE:GroovyAction@20f637a1
Mon Sep 18 21:09:26 IST 2017 domain:faq user:John task:getFAQ TYPE:GroovyAction@20f637a1
Mon Sep 18 21:09:50 IST 2017 domain:faq user:John task:getFAQ TYPE:GroovyAction@20f637a1
Mon Sep 18 21:12:39 IST 2017 domain:faq user:John task:getFAQ TYPE:GroovyAction@20f637a1
Mon Sep 18 21:15:26 IST 2017 domain:faq user:John task:getFAQ TYPE:GroovyAction@20f637a1
Mon Sep 18 21:15:52 IST 2017 domain:faq user:John task:getFAQ TYPE:GroovyAction@20f637a1
Tue Sep 19 10:51:01 IST 2017 domain:faq user:John task:getFAQ TYPE:GroovyAction@6facbce6
Tue Sep 19 10:53:21 IST 2017 domain:faq user:John task:getFAQ TYPE:GroovyAction@6facbce6
Tue Sep 19 10:56:52 IST 2017 domain:faq user:John task:getFAQ TYPE:GroovyAction@6facbce6
Tue Sep 19 11:00:17 IST 2017 domain:faq user:John task:getFAQ TYPE:GroovyAction@6facbce6
Tue Sep 19 11:01:39 IST 2017 domain:faq user:John task:getFAQ TYPE:GroovyAction@6facbce6
Tue Sep 19 11:03:57 IST 2017 domain:faq user:John task:getFAQ TYPE:GroovyAction@6facbce6
Tue Sep 19 11:07:08 IST 2017 domain:faq user:John task:getFAQ TYPE:GroovyAction@6facbce6
Tue Sep 19 11:15:11 IST 2017 domain:faq user:John task:getFAQ TYPE:GroovyAction@256e153d
Tue Sep 19 11:21:40 IST 2017 domain:faq user:John task:getFAQ TYPE:GroovyAction@256e153d
Tue Sep 19 11:38:31 IST 2017 domain:faq user:John task:getFAQ TYPE:GroovyAction@256e153d
Tue Sep 19 11:38:50 IST 2017 domain:faq user:John task:getFAQ TYPE:GroovyAction@256e153d
Tue Sep 19 11:38:59 IST 2017 domain:faq user:John task:getFAQ TYPE:GroovyAction@256e153d
Tue Sep 19 11:39:22 IST 2017 domain:faq user:John task:getFAQ TYPE:GroovyAction@256e153d
Tue Sep 19 11:42:15 IST 2017 domain:faq user:John task:getFAQ TYPE:GroovyAction@256e153d
Tue Sep 19 11:42:29 IST 2017 domain:faq user:John task:getFAQ TYPE:GroovyAction@256e153d
Tue Sep 19 11:42:54 IST 2017 domain:faq user:John task:getFAQ TYPE:GroovyAction@256e153d
Tue Sep 19 11:43:21 IST 2017 domain:faq user:John task:getFAQ TYPE:GroovyAction@256e153d
Tue Sep 19 11:45:09 IST 2017 domain:faq user:John task:getFAQ TYPE:GroovyAction@256e153d
Tue Sep 19 11:46:14 IST 2017 domain:faq user:John task:getFAQ TYPE:GroovyAction@256e153d
Tue Sep 19 11:46:14 IST 2017 domain:faq user:John task:getFAQ TYPE:GroovyAction@256e153d
Tue Sep 19 11:46:15 IST 2017 domain:faq user:John task:getFAQ TYPE:GroovyAction@256e153d
Tue Sep 19 11:46:20 IST 2017 domain:faq user:John task:getFAQ TYPE:GroovyAction@256e153d
Tue Sep 19 11:47:32 IST 2017 domain:faq user:John task:getFAQ TYPE:GroovyAction@1b7e2995
Tue Sep 19 11:52:59 IST 2017 domain:faq user:John task:getFAQ TYPE:GroovyAction@1b7e2995
Tue Sep 19 12:10:58 IST 2017 domain:faq user:John task:getFAQ TYPE:GroovyAction@1b7e2995
Tue Sep 19 12:12:03 IST 2017 domain:faq user:John task:getFAQ TYPE:GroovyAction@1b7e2995
Tue Sep 19 12:12:25 IST 2017 domain:faq user:John task:getFAQ TYPE:GroovyAction@1b7e2995
Tue Sep 19 12:17:29 IST 2017 domain:faq user:John task:getFAQ TYPE:GroovyAction@1b7e2995
Tue Sep 19 12:19:05 IST 2017 domain:faq user:John task:getFAQ TYPE:GroovyAction@1b7e2995
Tue Sep 19 12:19:22 IST 2017 domain:faq user:John task:getFAQ TYPE:GroovyAction@1b7e2995
Tue Sep 19 12:19:46 IST 2017 domain:faq user:John task:getFAQ TYPE:GroovyAction@1b7e2995
Tue Sep 19 12:24:33 IST 2017 domain:faq user:John task:getFAQ TYPE:GroovyAction@1b7e2995
Tue Sep 19 12:25:56 IST 2017 domain:faq user:John task:getFAQ TYPE:GroovyAction@1b7e2995
Tue Sep 19 13:41:01 IST 2017 domain:faq user:John task:getFAQ TYPE:GroovyAction@78c41627
Tue Sep 19 13:41:40 IST 2017 domain:faq user:John task:getFAQ TYPE:GroovyAction@78c41627
Tue Sep 19 13:42:05 IST 2017 domain:faq user:John task:getFAQ TYPE:GroovyAction@78c41627
Tue Sep 19 13:42:43 IST 2017 domain:faq user:John task:getFAQ TYPE:GroovyAction@78c41627
Tue Sep 19 13:43:20 IST 2017 domain:faq user:John task:getFAQ TYPE:GroovyAction@78c41627
Tue Sep 19 13:43:40 IST 2017 domain:faq user:John task:getFAQ TYPE:GroovyAction@78c41627
Tue Sep 19 13:44:29 IST 2017 domain:faq user:John task:getFAQ TYPE:GroovyAction@78c41627
Tue Sep 19 13:44:49 IST 2017 domain:faq user:John task:getFAQ TYPE:GroovyAction@78c41627
Tue Sep 19 13:45:34 IST 2017 domain:faq user:John task:getFAQ TYPE:GroovyAction@78c41627
Tue Sep 19 13:46:03 IST 2017 domain:faq user:John task:getFAQ TYPE:GroovyAction@78c41627
Tue Sep 19 13:46:49 IST 2017 domain:faq user:John task:getFAQ TYPE:GroovyAction@78c41627
Tue Sep 19 13:47:09 IST 2017 domain:faq user:John task:getFAQ TYPE:GroovyAction@78c41627
Tue Sep 19 13:47:21 IST 2017 domain:faq user:John task:getFAQ TYPE:GroovyAction@78c41627
Tue Sep 19 13:47:51 IST 2017 domain:faq user:John task:getFAQ TYPE:GroovyAction@78c41627
Tue Sep 19 14:00:21 IST 2017 domain:faq user:John task:getFAQ TYPE:GroovyAction@1b7e2995
Tue Sep 19 14:10:00 IST 2017 domain:faq user:John task:getFAQ TYPE:GroovyAction@1b7e2995
Tue Sep 19 14:10:12 IST 2017 domain:faq user:John task:getFAQ TYPE:GroovyAction@1b7e2995
Tue Sep 19 15:09:05 IST 2017 domain:faq user:John task:getFAQ TYPE:GroovyAction@1b7e2995
Tue Sep 19 15:51:03 IST 2017 domain:faq user:John task:getFAQ TYPE:GroovyAction@14aa92b8
Tue Sep 19 15:51:47 IST 2017 domain:faq user:John task:getFAQ TYPE:GroovyAction@14aa92b8
Tue Sep 19 15:57:19 IST 2017 domain:faq user:John task:getFAQ TYPE:GroovyAction@4ac3ee69
Tue Sep 19 15:57:32 IST 2017 domain:faq user:John task:getFAQ TYPE:GroovyAction@4ac3ee69
Tue Sep 19 15:58:46 IST 2017 domain:faq user:John task:getFAQ TYPE:GroovyAction@4ac3ee69
Tue Sep 19 16:01:08 IST 2017 domain:faq user:John task:getFAQ TYPE:GroovyAction@4ac3ee69
Tue Sep 19 16:01:24 IST 2017 domain:faq user:John task:getFAQ TYPE:GroovyAction@4ac3ee69
Tue Sep 19 16:02:03 IST 2017 domain:faq user:John task:getFAQ TYPE:GroovyAction@4ac3ee69
Tue Sep 19 16:03:11 IST 2017 domain:faq user:John task:getFAQ TYPE:GroovyAction@f1e2a20
Tue Sep 19 16:08:58 IST 2017 domain:faq user:John task:getFAQ TYPE:GroovyAction@30b8b235
Tue Sep 19 16:11:43 IST 2017 domain:faq user:John task:getFAQ TYPE:GroovyAction@f1e2a20
Tue Sep 19 16:16:21 IST 2017 domain:faq user:John task:getFAQ TYPE:GroovyAction@30b8b235
Tue Sep 19 17:04:06 IST 2017 domain:faq user:John task:getFAQ TYPE:GroovyAction@2d7971b2
Tue Sep 19 17:06:10 IST 2017 domain:faq user:John task:getFAQ TYPE:GroovyAction@2d7971b2
Tue Sep 19 17:07:36 IST 2017 domain:faq user:John task:getFAQ TYPE:GroovyAction@2d7971b2
Tue Sep 19 17:08:01 IST 2017 domain:faq user:John task:getFAQ TYPE:GroovyAction@2d7971b2
Tue Sep 19 17:08:51 IST 2017 domain:faq user:John task:getFAQ TYPE:GroovyAction@2d7971b2
Tue Sep 19 17:11:39 IST 2017 domain:faq user:John task:getFAQ TYPE:GroovyAction@2d7971b2
Wed Sep 20 11:45:45 IST 2017 domain:faq user:John task:getFAQ TYPE:GroovyAction@5e4b5bf9
Wed Sep 20 11:46:55 IST 2017 domain:faq user:John task:getFAQ TYPE:GroovyAction@5e4b5bf9
Wed Sep 20 11:48:02 IST 2017 domain:faq user:John task:getFAQ TYPE:GroovyAction@7ffbc525
Wed Sep 20 11:49:35 IST 2017 domain:faq user:John task:getFAQ TYPE:GroovyAction@163110c2
Wed Sep 20 11:51:38 IST 2017 domain:faq user:John task:getFAQ TYPE:GroovyAction@1f987fc5
Wed Sep 20 11:57:23 IST 2017 domain:faq user:John task:getFAQ TYPE:GroovyAction@f7028d8
Wed Sep 20 11:59:13 IST 2017 domain:faq user:John task:getFAQ TYPE:GroovyAction@6a6976e2
Wed Sep 20 11:59:39 IST 2017 domain:faq user:John task:getFAQ TYPE:GroovyAction@6a6976e2
Wed Sep 20 12:00:08 IST 2017 domain:faq user:John task:getFAQ TYPE:GroovyAction@74aed6a8
Wed Sep 20 12:02:40 IST 2017 domain:faq user:John task:getFAQ TYPE:GroovyAction@4ae6aa41
Wed Sep 20 12:07:08 IST 2017 domain:faq user:John task:getFAQ TYPE:GroovyAction@7040842b
Wed Sep 20 12:08:21 IST 2017 domain:faq user:John task:getFAQ TYPE:GroovyAction@6589a8b5
Wed Sep 20 12:10:53 IST 2017 domain:faq user:John task:getFAQ TYPE:GroovyAction@15eafb19
Wed Sep 20 12:12:20 IST 2017 domain:faq user:John task:getFAQ TYPE:GroovyAction@62cf19a0
Wed Sep 20 12:16:03 IST 2017 domain:faq user:John task:getFAQ TYPE:GroovyAction@6cec2eab
Wed Sep 20 12:18:17 IST 2017 domain:faq user:John task:getFAQ TYPE:GroovyAction@148185d3
Wed Sep 20 12:21:19 IST 2017 domain:faq user:John task:getFAQ TYPE:GroovyAction@41b270d1
Wed Sep 20 12:22:09 IST 2017 domain:faq user:John task:getFAQ TYPE:GroovyAction@253008a8
Wed Sep 20 12:26:53 IST 2017 domain:faq user:John task:getFAQ TYPE:GroovyAction@6dfd05a8
Wed Sep 20 12:27:29 IST 2017 domain:faq user:John task:getFAQ TYPE:GroovyAction@2d5516f4
Wed Sep 20 12:28:09 IST 2017 domain:faq user:John task:getFAQ TYPE:GroovyAction@e768621
Wed Sep 20 12:29:42 IST 2017 domain:faq user:John task:getFAQ TYPE:GroovyAction@3efc8c58
Wed Sep 20 12:34:41 IST 2017 domain:faq user:John task:getFAQ TYPE:GroovyAction@32c58249
Wed Sep 20 13:32:20 IST 2017 domain:faq user:John task:getFAQ TYPE:GroovyAction@6d88d55f
Wed Sep 20 13:33:36 IST 2017 domain:faq user:John task:getFAQ TYPE:GroovyAction@71bb7da6
Wed Sep 20 13:34:17 IST 2017 domain:faq user:John task:getFAQ TYPE:GroovyAction@6d9cf6fd
Wed Sep 20 13:35:13 IST 2017 domain:faq user:John task:getFAQ TYPE:GroovyAction@5e39fedb
Wed Sep 20 13:41:07 IST 2017 domain:faq user:John task:getFAQ TYPE:GroovyAction@7a7f436d
Wed Sep 20 13:42:39 IST 2017 domain:faq user:John task:getFAQ TYPE:GroovyAction@a8bdf7a
Wed Sep 20 13:43:35 IST 2017 domain:faq user:John task:getFAQ TYPE:GroovyAction@68de6c46
Wed Sep 20 13:44:23 IST 2017 domain:faq user:John task:getFAQ TYPE:GroovyAction@67f2737e
Wed Sep 20 13:46:10 IST 2017 domain:faq user:John task:getFAQ TYPE:GroovyAction@72d44401
Wed Sep 20 13:47:14 IST 2017 domain:faq user:John task:getFAQ TYPE:GroovyAction@7c748c72
Wed Sep 20 13:48:55 IST 2017 domain:faq user:John task:getFAQ TYPE:GroovyAction@25117ec5
Wed Sep 20 13:52:12 IST 2017 domain:faq user:John task:getFAQ TYPE:GroovyAction@72dd7c30
Wed Sep 20 13:54:14 IST 2017 domain:faq user:John task:getFAQ TYPE:GroovyAction@6dfd05a8
Wed Sep 20 13:55:48 IST 2017 domain:faq user:John task:getFAQ TYPE:GroovyAction@4ec75364
Wed Sep 20 13:56:58 IST 2017 domain:faq user:John task:getFAQ TYPE:GroovyAction@62492b4d
Wed Sep 20 13:58:45 IST 2017 domain:faq user:John task:getFAQ TYPE:GroovyAction@65535ae8
Wed Sep 20 14:00:01 IST 2017 domain:faq user:John task:getFAQ TYPE:GroovyAction@1afc876a
Wed Sep 20 14:13:35 IST 2017 domain:faq user:John task:getFAQ TYPE:GroovyAction@38b7abd
Wed Sep 20 14:16:34 IST 2017 domain:faq user:John task:getFAQ TYPE:GroovyAction@3ba711a2
Wed Sep 20 14:25:31 IST 2017 domain:faq user:John task:getFAQ TYPE:GroovyAction@3ba711a2
